<?xml version="1.0" encoding="UTF-8"?>
<coverage generated="1745509852594" clover="3.2.0">
  <project timestamp="1745509852594" name="All files">
    <metrics statements="23" coveredstatements="23" conditionals="4" coveredconditionals="3" methods="5" coveredmethods="5" elements="32" coveredelements="31" complexity="0" loc="23" ncloc="23" packages="1" files="1" classes="1"/>
    <file name="Login.jsx" path="D:\FAST\Semester 6\SE\Project 2\Living-Plus\frontend\src\components\Login.jsx">
      <metrics statements="23" coveredstatements="23" conditionals="4" coveredconditionals="3" methods="5" coveredmethods="5"/>
      <line num="5" count="1" type="stmt"/>
      <line num="6" count="114" type="stmt"/>
      <line num="7" count="114" type="stmt"/>
      <line num="8" count="114" type="stmt"/>
      <line num="10" count="114" type="stmt"/>
      <line num="11" count="3" type="stmt"/>
      <line num="13" count="3" type="stmt"/>
      <line num="15" count="3" type="stmt"/>
      <line num="16" count="3" type="stmt"/>
      <line num="23" count="2" type="stmt"/>
      <line num="25" count="2" type="cond" truecount="2" falsecount="0"/>
      <line num="26" count="1" type="stmt"/>
      <line num="27" count="1" type="stmt"/>
      <line num="28" count="1" type="stmt"/>
      <line num="29" count="1" type="stmt"/>
      <line num="31" count="1" type="cond" truecount="1" falsecount="1"/>
      <line num="34" count="1" type="stmt"/>
      <line num="35" count="1" type="stmt"/>
      <line num="39" count="114" type="stmt"/>
      <line num="40" count="1" type="stmt"/>
      <line num="43" count="114" type="stmt"/>
      <line num="79" count="65" type="stmt"/>
      <line num="89" count="42" type="stmt"/>
    </file>
  </project>
</coverage>
