<?xml version="1.0" encoding="UTF-8"?>
<coverage generated="1745581200577" clover="3.2.0">
  <project timestamp="1745581200577" name="All files">
    <metrics statements="387" coveredstatements="326" conditionals="166" coveredconditionals="119" methods="88" coveredmethods="77" elements="641" coveredelements="522" complexity="0" loc="387" ncloc="387" packages="1" files="13" classes="13"/>
    <file name="Footer.jsx" path="D:\FAST\Semester 6\SE\Project 2\Living-Plus\frontend\src\components\Footer.jsx">
      <metrics statements="2" coveredstatements="2" conditionals="0" coveredconditionals="0" methods="1" coveredmethods="1"/>
      <line num="3" count="3" type="stmt"/>
      <line num="4" count="37" type="stmt"/>
    </file>
    <file name="Header.jsx" path="D:\FAST\Semester 6\SE\Project 2\Living-Plus\frontend\src\components\Header.jsx">
      <metrics statements="5" coveredstatements="5" conditionals="4" coveredconditionals="2" methods="2" coveredmethods="2"/>
      <line num="6" count="3" type="stmt"/>
      <line num="7" count="37" type="stmt"/>
      <line num="9" count="37" type="stmt"/>
      <line num="10" count="37" type="cond" truecount="2" falsecount="2"/>
      <line num="13" count="37" type="stmt"/>
    </file>
    <file name="HomePage.jsx" path="D:\FAST\Semester 6\SE\Project 2\Living-Plus\frontend\src\components\HomePage.jsx">
      <metrics statements="6" coveredstatements="6" conditionals="12" coveredconditionals="12" methods="4" coveredmethods="4"/>
      <line num="4" count="1" type="stmt"/>
      <line num="6" count="9" type="stmt"/>
      <line num="8" count="9" type="stmt"/>
      <line num="71" count="1" type="stmt"/>
      <line num="77" count="1" type="stmt"/>
      <line num="83" count="1" type="stmt"/>
    </file>
    <file name="Login.jsx" path="D:\FAST\Semester 6\SE\Project 2\Living-Plus\frontend\src\components\Login.jsx">
      <metrics statements="23" coveredstatements="23" conditionals="4" coveredconditionals="3" methods="5" coveredmethods="5"/>
      <line num="5" count="1" type="stmt"/>
      <line num="6" count="114" type="stmt"/>
      <line num="7" count="114" type="stmt"/>
      <line num="8" count="114" type="stmt"/>
      <line num="10" count="114" type="stmt"/>
      <line num="11" count="3" type="stmt"/>
      <line num="13" count="3" type="stmt"/>
      <line num="15" count="3" type="stmt"/>
      <line num="16" count="3" type="stmt"/>
      <line num="23" count="2" type="stmt"/>
      <line num="25" count="2" type="cond" truecount="2" falsecount="0"/>
      <line num="26" count="1" type="stmt"/>
      <line num="27" count="1" type="stmt"/>
      <line num="28" count="1" type="stmt"/>
      <line num="29" count="1" type="stmt"/>
      <line num="31" count="1" type="cond" truecount="1" falsecount="1"/>
      <line num="34" count="1" type="stmt"/>
      <line num="35" count="1" type="stmt"/>
      <line num="39" count="114" type="stmt"/>
      <line num="40" count="1" type="stmt"/>
      <line num="43" count="114" type="stmt"/>
      <line num="79" count="65" type="stmt"/>
      <line num="89" count="42" type="stmt"/>
    </file>
    <file name="Sidebar.jsx" path="D:\FAST\Semester 6\SE\Project 2\Living-Plus\frontend\src\components\Sidebar.jsx">
      <metrics statements="8" coveredstatements="6" conditionals="2" coveredconditionals="2" methods="4" coveredmethods="2"/>
      <line num="13" count="1" type="stmt"/>
      <line num="14" count="3" type="stmt"/>
      <line num="16" count="3" type="stmt"/>
      <line num="55" count="3" type="stmt"/>
      <line num="56" count="0" type="stmt"/>
      <line num="59" count="3" type="stmt"/>
      <line num="64" count="18" type="stmt"/>
      <line num="73" count="0" type="stmt"/>
    </file>
    <file name="SignUp.jsx" path="D:\FAST\Semester 6\SE\Project 2\Living-Plus\frontend\src\components\SignUp.jsx">
      <metrics statements="25" coveredstatements="13" conditionals="12" coveredconditionals="4" methods="5" coveredmethods="4"/>
      <line num="7" count="280" type="stmt"/>
      <line num="8" count="280" type="stmt"/>
      <line num="19" count="280" type="stmt"/>
      <line num="20" count="280" type="stmt"/>
      <line num="21" count="280" type="stmt"/>
      <line num="22" count="280" type="stmt"/>
      <line num="25" count="280" type="stmt"/>
      <line num="26" count="273" type="stmt"/>
      <line num="27" count="273" type="stmt"/>
      <line num="33" count="280" type="stmt"/>
      <line num="34" count="1" type="stmt"/>
      <line num="37" count="280" type="stmt"/>
      <line num="38" count="0" type="stmt"/>
      <line num="39" count="0" type="stmt"/>
      <line num="40" count="0" type="stmt"/>
      <line num="42" count="0" type="cond" truecount="0" falsecount="2"/>
      <line num="43" count="0" type="stmt"/>
      <line num="44" count="0" type="stmt"/>
      <line num="47" count="0" type="stmt"/>
      <line num="48" count="0" type="stmt"/>
      <line num="54" count="0" type="stmt"/>
      <line num="55" count="0" type="stmt"/>
      <line num="56" count="0" type="stmt"/>
      <line num="67" count="0" type="cond" truecount="0" falsecount="2"/>
      <line num="71" count="280" type="stmt"/>
    </file>
    <file name="dashboard.jsx" path="D:\FAST\Semester 6\SE\Project 2\Living-Plus\frontend\src\components\dashboard.jsx">
      <metrics statements="49" coveredstatements="46" conditionals="21" coveredconditionals="18" methods="7" coveredmethods="7"/>
      <line num="8" count="1" type="stmt"/>
      <line num="9" count="9" type="stmt"/>
      <line num="10" count="9" type="stmt"/>
      <line num="11" count="9" type="stmt"/>
      <line num="12" count="9" type="stmt"/>
      <line num="13" count="9" type="stmt"/>
      <line num="14" count="9" type="stmt"/>
      <line num="15" count="9" type="stmt"/>
      <line num="17" count="9" type="stmt"/>
      <line num="18" count="3" type="stmt"/>
      <line num="19" count="3" type="stmt"/>
      <line num="20" count="3" type="stmt"/>
      <line num="21" count="3" type="stmt"/>
      <line num="22" count="3" type="stmt"/>
      <line num="27" count="3" type="stmt"/>
      <line num="28" count="3" type="stmt"/>
      <line num="29" count="3" type="stmt"/>
      <line num="30" count="3" type="stmt"/>
      <line num="32" count="0" type="stmt"/>
      <line num="33" count="0" type="stmt"/>
      <line num="35" count="3" type="stmt"/>
      <line num="39" count="9" type="stmt"/>
      <line num="40" count="5" type="stmt"/>
      <line num="41" count="5" type="stmt"/>
      <line num="42" count="5" type="stmt"/>
      <line num="43" count="5" type="stmt"/>
      <line num="47" count="3" type="stmt"/>
      <line num="48" count="3" type="stmt"/>
      <line num="50" count="3" type="cond" truecount="2" falsecount="2"/>
      <line num="51" count="3" type="stmt"/>
      <line num="53" count="0" type="stmt"/>
      <line num="56" count="2" type="stmt"/>
      <line num="57" count="2" type="stmt"/>
      <line num="58" count="2" type="stmt"/>
      <line num="62" count="5" type="stmt"/>
      <line num="65" count="9" type="stmt"/>
      <line num="66" count="3" type="cond" truecount="1" falsecount="1"/>
      <line num="67" count="3" type="stmt"/>
      <line num="68" count="3" type="stmt"/>
      <line num="69" count="3" type="stmt"/>
      <line num="70" count="3" type="stmt"/>
      <line num="71" count="3" type="cond" truecount="5" falsecount="0"/>
      <line num="72" count="1" type="stmt"/>
      <line num="74" count="3" type="stmt"/>
      <line num="77" count="9" type="cond" truecount="2" falsecount="0"/>
      <line num="78" count="4" type="cond" truecount="2" falsecount="0"/>
      <line num="80" count="3" type="stmt"/>
      <line num="120" count="2" type="stmt"/>
      <line num="148" count="2" type="stmt"/>
    </file>
    <file name="owner-sidebar.jsx" path="D:\FAST\Semester 6\SE\Project 2\Living-Plus\frontend\src\components\owner-sidebar.jsx">
      <metrics statements="7" coveredstatements="7" conditionals="2" coveredconditionals="2" methods="4" coveredmethods="4"/>
      <line num="19" count="3" type="stmt"/>
      <line num="20" count="38" type="stmt"/>
      <line num="84" count="38" type="stmt"/>
      <line num="85" count="1" type="stmt"/>
      <line num="88" count="38" type="stmt"/>
      <line num="93" count="418" type="stmt"/>
      <line num="102" count="1" type="stmt"/>
    </file>
    <file name="paymentOwner.jsx" path="D:\FAST\Semester 6\SE\Project 2\Living-Plus\frontend\src\components\paymentOwner.jsx">
      <metrics statements="125" coveredstatements="90" conditionals="53" coveredconditionals="31" methods="26" coveredmethods="18"/>
      <line num="11" count="1" type="stmt"/>
      <line num="12" count="27" type="stmt"/>
      <line num="13" count="27" type="stmt"/>
      <line num="14" count="27" type="stmt"/>
      <line num="15" count="27" type="stmt"/>
      <line num="16" count="27" type="stmt"/>
      <line num="17" count="27" type="stmt"/>
      <line num="18" count="27" type="stmt"/>
      <line num="19" count="27" type="stmt"/>
      <line num="20" count="27" type="stmt"/>
      <line num="21" count="27" type="stmt"/>
      <line num="22" count="27" type="stmt"/>
      <line num="25" count="27" type="stmt"/>
      <line num="27" count="27" type="stmt"/>
      <line num="28" count="7" type="stmt"/>
      <line num="29" count="7" type="stmt"/>
      <line num="30" count="7" type="stmt"/>
      <line num="31" count="7" type="stmt"/>
      <line num="34" count="6" type="stmt"/>
      <line num="36" count="6" type="stmt"/>
      <line num="39" count="6" type="cond" truecount="1" falsecount="1"/>
      <line num="40" count="6" type="stmt"/>
      <line num="42" count="0" type="stmt"/>
      <line num="43" count="0" type="stmt"/>
      <line num="48" count="6" type="stmt"/>
      <line num="50" count="1" type="stmt"/>
      <line num="51" count="1" type="stmt"/>
      <line num="54" count="1" type="stmt"/>
      <line num="58" count="7" type="stmt"/>
      <line num="61" count="27" type="stmt"/>
      <line num="62" count="6" type="stmt"/>
      <line num="63" count="6" type="stmt"/>
      <line num="66" count="6" type="stmt"/>
      <line num="73" count="5" type="cond" truecount="1" falsecount="1"/>
      <line num="74" count="0" type="stmt"/>
      <line num="75" count="0" type="stmt"/>
      <line num="78" count="5" type="stmt"/>
      <line num="79" count="5" type="stmt"/>
      <line num="82" count="5" type="stmt"/>
      <line num="86" count="5" type="cond" truecount="1" falsecount="1"/>
      <line num="87" count="0" type="stmt"/>
      <line num="88" count="0" type="stmt"/>
      <line num="92" count="5" type="stmt"/>
      <line num="95" count="6" type="cond" truecount="1" falsecount="1"/>
      <line num="96" count="6" type="stmt"/>
      <line num="99" count="5" type="stmt"/>
      <line num="102" count="5" type="stmt"/>
      <line num="104" count="5" type="stmt"/>
      <line num="105" count="6" type="cond" truecount="1" falsecount="1"/>
      <line num="107" count="6" type="stmt"/>
      <line num="108" count="6" type="cond" truecount="1" falsecount="1"/>
      <line num="110" count="6" type="cond" truecount="1" falsecount="1"/>
      <line num="111" count="6" type="cond" truecount="1" falsecount="1"/>
      <line num="113" count="6" type="stmt"/>
      <line num="123" count="0" type="stmt"/>
      <line num="132" count="5" type="stmt"/>
      <line num="133" count="5" type="stmt"/>
      <line num="136" count="5" type="stmt"/>
      <line num="140" count="5" type="stmt"/>
      <line num="141" count="5" type="cond" truecount="1" falsecount="1"/>
      <line num="142" count="0" type="stmt"/>
      <line num="143" count="5" type="cond" truecount="1" falsecount="1"/>
      <line num="147" count="5" type="stmt"/>
      <line num="151" count="5" type="stmt"/>
      <line num="153" count="5" type="stmt"/>
      <line num="155" count="4" type="cond" truecount="1" falsecount="1"/>
      <line num="158" count="4" type="cond" truecount="2" falsecount="0"/>
      <line num="162" count="5" type="stmt"/>
      <line num="164" count="4" type="cond" truecount="1" falsecount="1"/>
      <line num="167" count="4" type="stmt"/>
      <line num="169" count="4" type="stmt"/>
      <line num="179" count="5" type="stmt"/>
      <line num="180" count="5" type="stmt"/>
      <line num="182" count="1" type="stmt"/>
      <line num="183" count="1" type="stmt"/>
      <line num="189" count="27" type="stmt"/>
      <line num="190" count="1" type="cond" truecount="3" falsecount="2"/>
      <line num="191" count="1" type="stmt"/>
      <line num="192" count="1" type="stmt"/>
      <line num="195" count="0" type="stmt"/>
      <line num="197" count="0" type="stmt"/>
      <line num="199" count="0" type="cond" truecount="0" falsecount="2"/>
      <line num="200" count="0" type="stmt"/>
      <line num="201" count="0" type="stmt"/>
      <line num="205" count="0" type="stmt"/>
      <line num="214" count="0" type="stmt"/>
      <line num="218" count="0" type="stmt"/>
      <line num="223" count="0" type="stmt"/>
      <line num="224" count="0" type="stmt"/>
      <line num="228" count="0" type="stmt"/>
      <line num="231" count="0" type="cond" truecount="0" falsecount="2"/>
      <line num="232" count="0" type="stmt"/>
      <line num="236" count="0" type="stmt"/>
      <line num="237" count="0" type="stmt"/>
      <line num="238" count="0" type="stmt"/>
      <line num="240" count="0" type="stmt"/>
      <line num="241" count="0" type="stmt"/>
      <line num="245" count="27" type="stmt"/>
      <line num="246" count="1" type="stmt"/>
      <line num="247" count="1" type="stmt"/>
      <line num="249" count="1" type="stmt"/>
      <line num="252" count="27" type="stmt"/>
      <line num="253" count="27" type="stmt"/>
      <line num="255" count="27" type="cond" truecount="2" falsecount="0"/>
      <line num="256" count="9" type="stmt"/>
      <line num="257" count="16" type="stmt"/>
      <line num="261" count="27" type="cond" truecount="1" falsecount="1"/>
      <line num="262" count="0" type="stmt"/>
      <line num="263" count="0" type="stmt"/>
      <line num="267" count="27" type="cond" truecount="1" falsecount="1"/>
      <line num="268" count="0" type="stmt"/>
      <line num="269" count="0" type="stmt"/>
      <line num="273" count="27" type="stmt"/>
      <line num="276" count="27" type="cond" truecount="2" falsecount="0"/>
      <line num="277" count="7" type="stmt"/>
      <line num="280" count="20" type="stmt"/>
      <line num="303" count="0" type="stmt"/>
      <line num="316" count="4" type="stmt"/>
      <line num="326" count="0" type="stmt"/>
      <line num="336" count="0" type="stmt"/>
      <line num="365" count="11" type="stmt"/>
      <line num="397" count="1" type="stmt"/>
      <line num="401" count="16" type="stmt"/>
      <line num="413" count="0" type="stmt"/>
      <line num="422" count="0" type="stmt"/>
    </file>
    <file name="register-hostel.jsx" path="D:\FAST\Semester 6\SE\Project 2\Living-Plus\frontend\src\components\register-hostel.jsx">
      <metrics statements="12" coveredstatements="12" conditionals="0" coveredconditionals="0" methods="4" coveredmethods="4"/>
      <line num="11" count="1" type="stmt"/>
      <line num="12" count="14" type="stmt"/>
      <line num="13" count="14" type="stmt"/>
      <line num="14" count="14" type="stmt"/>
      <line num="23" count="14" type="stmt"/>
      <line num="24" count="10" type="stmt"/>
      <line num="25" count="10" type="stmt"/>
      <line num="31" count="14" type="stmt"/>
      <line num="32" count="1" type="stmt"/>
      <line num="33" count="1" type="stmt"/>
      <line num="37" count="14" type="stmt"/>
      <line num="56" count="70" type="stmt"/>
    </file>
    <file name="renter-sidebar.jsx" path="D:\FAST\Semester 6\SE\Project 2\Living-Plus\frontend\src\components\renter-sidebar.jsx">
      <metrics statements="7" coveredstatements="7" conditionals="2" coveredconditionals="2" methods="4" coveredmethods="4"/>
      <line num="18" count="1" type="stmt"/>
      <line num="19" count="5" type="stmt"/>
      <line num="77" count="5" type="stmt"/>
      <line num="78" count="2" type="stmt"/>
      <line num="81" count="5" type="stmt"/>
      <line num="86" count="50" type="stmt"/>
      <line num="95" count="2" type="stmt"/>
    </file>
    <file name="view-notifications.jsx" path="D:\FAST\Semester 6\SE\Project 2\Living-Plus\frontend\src\components\view-notifications.jsx">
      <metrics statements="59" coveredstatements="55" conditionals="28" coveredconditionals="22" methods="10" coveredmethods="10"/>
      <line num="11" count="1" type="stmt"/>
      <line num="12" count="17" type="stmt"/>
      <line num="13" count="17" type="stmt"/>
      <line num="14" count="17" type="stmt"/>
      <line num="15" count="17" type="stmt"/>
      <line num="16" count="17" type="stmt"/>
      <line num="17" count="17" type="stmt"/>
      <line num="18" count="17" type="stmt"/>
      <line num="19" count="17" type="stmt"/>
      <line num="20" count="17" type="stmt"/>
      <line num="22" count="17" type="stmt"/>
      <line num="23" count="7" type="stmt"/>
      <line num="24" count="7" type="stmt"/>
      <line num="25" count="7" type="stmt"/>
      <line num="26" count="7" type="stmt"/>
      <line num="28" count="7" type="stmt"/>
      <line num="32" count="5" type="stmt"/>
      <line num="33" count="5" type="stmt"/>
      <line num="35" count="5" type="cond" truecount="3" falsecount="1"/>
      <line num="38" count="5" type="cond" truecount="1" falsecount="1"/>
      <line num="40" count="5" type="cond" truecount="1" falsecount="1"/>
      <line num="41" count="5" type="stmt"/>
      <line num="42" count="5" type="stmt"/>
      <line num="44" count="0" type="stmt"/>
      <line num="48" count="0" type="stmt"/>
      <line num="51" count="0" type="stmt"/>
      <line num="52" count="0" type="stmt"/>
      <line num="55" count="5" type="stmt"/>
      <line num="57" count="1" type="stmt"/>
      <line num="58" count="1" type="stmt"/>
      <line num="59" count="1" type="stmt"/>
      <line num="63" count="7" type="stmt"/>
      <line num="64" count="5" type="stmt"/>
      <line num="65" count="5" type="stmt"/>
      <line num="70" count="5" type="stmt"/>
      <line num="78" count="4" type="stmt"/>
      <line num="79" count="4" type="stmt"/>
      <line num="81" count="1" type="stmt"/>
      <line num="82" count="1" type="cond" truecount="1" falsecount="1"/>
      <line num="88" count="1" type="stmt"/>
      <line num="92" count="7" type="stmt"/>
      <line num="95" count="17" type="stmt"/>
      <line num="96" count="2" type="cond" truecount="2" falsecount="0"/>
      <line num="97" count="2" type="stmt"/>
      <line num="99" count="2" type="stmt"/>
      <line num="100" count="2" type="stmt"/>
      <line num="101" count="2" type="stmt"/>
      <line num="103" count="2" type="cond" truecount="2" falsecount="0"/>
      <line num="106" count="2" type="stmt"/>
      <line num="109" count="17" type="stmt"/>
      <line num="110" count="14" type="stmt"/>
      <line num="111" count="14" type="stmt"/>
      <line num="114" count="14" type="cond" truecount="2" falsecount="0"/>
      <line num="117" count="17" type="cond" truecount="2" falsecount="0"/>
      <line num="118" count="7" type="stmt"/>
      <line num="121" count="10" type="stmt"/>
      <line num="147" count="1" type="stmt"/>
      <line num="157" count="1" type="stmt"/>
      <line num="171" count="12" type="stmt"/>
    </file>
    <file name="view-ratings.jsx" path="D:\FAST\Semester 6\SE\Project 2\Living-Plus\frontend\src\components\view-ratings.jsx">
      <metrics statements="59" coveredstatements="54" conditionals="26" coveredconditionals="21" methods="12" coveredmethods="12"/>
      <line num="9" count="1" type="stmt"/>
      <line num="10" count="11" type="stmt"/>
      <line num="11" count="11" type="stmt"/>
      <line num="12" count="11" type="stmt"/>
      <line num="13" count="11" type="stmt"/>
      <line num="14" count="11" type="stmt"/>
      <line num="15" count="11" type="stmt"/>
      <line num="16" count="11" type="stmt"/>
      <line num="17" count="11" type="stmt"/>
      <line num="18" count="5" type="stmt"/>
      <line num="19" count="5" type="stmt"/>
      <line num="20" count="5" type="stmt"/>
      <line num="21" count="5" type="stmt"/>
      <line num="25" count="5" type="stmt"/>
      <line num="26" count="5" type="stmt"/>
      <line num="28" count="5" type="cond" truecount="1" falsecount="1"/>
      <line num="29" count="5" type="stmt"/>
      <line num="32" count="0" type="stmt"/>
      <line num="33" count="0" type="stmt"/>
      <line num="37" count="5" type="stmt"/>
      <line num="40" count="11" type="stmt"/>
      <line num="41" count="5" type="stmt"/>
      <line num="42" count="5" type="stmt"/>
      <line num="47" count="5" type="stmt"/>
      <line num="48" count="5" type="stmt"/>
      <line num="50" count="0" type="stmt"/>
      <line num="54" count="11" type="stmt"/>
      <line num="55" count="5" type="stmt"/>
      <line num="56" count="5" type="stmt"/>
      <line num="57" count="5" type="stmt"/>
      <line num="58" count="8" type="stmt"/>
      <line num="62" count="8" type="stmt"/>
      <line num="64" count="5" type="stmt"/>
      <line num="66" count="0" type="stmt"/>
      <line num="70" count="11" type="stmt"/>
      <line num="71" count="24" type="cond" truecount="3" falsecount="1"/>
      <line num="73" count="24" type="stmt"/>
      <line num="74" count="24" type="cond" truecount="1" falsecount="1"/>
      <line num="77" count="24" type="stmt"/>
      <line num="80" count="11" type="stmt"/>
      <line num="81" count="12" type="stmt"/>
      <line num="82" count="12" type="stmt"/>
      <line num="83" count="12" type="stmt"/>
      <line num="85" count="12" type="stmt"/>
      <line num="86" count="60" type="cond" truecount="2" falsecount="0"/>
      <line num="87" count="54" type="stmt"/>
      <line num="88" count="6" type="cond" truecount="3" falsecount="1"/>
      <line num="89" count="0" type="stmt"/>
      <line num="91" count="6" type="stmt"/>
      <line num="95" count="12" type="stmt"/>
      <line num="98" count="11" type="stmt"/>
      <line num="99" count="6" type="stmt"/>
      <line num="100" count="6" type="stmt"/>
      <line num="101" count="6" type="cond" truecount="2" falsecount="0"/>
      <line num="104" count="11" type="stmt"/>
      <line num="114" count="2" type="stmt"/>
      <line num="128" count="12" type="stmt"/>
      <line num="130" count="12" type="stmt"/>
      <line num="154" count="12" type="stmt"/>
    </file>
  </project>
</coverage>
