{"D:\\FAST\\Semester 6\\SE\\Project 2\\Living-Plus\\frontend\\src\\components\\Footer.jsx": {"path":"D:\\FAST\\Semester 6\\SE\\Project 2\\Living-Plus\\frontend\\src\\components\\Footer.jsx","statementMap":{"0":{"start":{"line":3,"column":15},"end":{"line":20,"column":1}},"1":{"start":{"line":4,"column":2},"end":{"line":19,"column":4}}},"fnMap":{"0":{"name":"(anonymous_0)","decl":{"start":{"line":3,"column":15},"end":{"line":3,"column":16}},"loc":{"start":{"line":3,"column":21},"end":{"line":20,"column":1}},"line":3}},"branchMap":{},"s":{"0":3,"1":37},"f":{"0":37},"b":{},"_coverageSchema":"1a1c01bbd47fc00a2c39e90264f33305004495a9","hash":"560b723c40c1cd4d209d7ce4dcdd92606def344b"}
,"D:\\FAST\\Semester 6\\SE\\Project 2\\Living-Plus\\frontend\\src\\components\\Header.jsx": {"path":"D:\\FAST\\Semester 6\\SE\\Project 2\\Living-Plus\\frontend\\src\\components\\Header.jsx","statementMap":{"0":{"start":{"line":6,"column":15},"end":{"line":34,"column":1}},"1":{"start":{"line":7,"column":17},"end":{"line":7,"column":34}},"2":{"start":{"line":9,"column":27},"end":{"line":11,"column":3}},"3":{"start":{"line":10,"column":4},"end":{"line":10,"column":70}},"4":{"start":{"line":13,"column":2},"end":{"line":33,"column":4}}},"fnMap":{"0":{"name":"(anonymous_0)","decl":{"start":{"line":6,"column":15},"end":{"line":6,"column":16}},"loc":{"start":{"line":6,"column":40},"end":{"line":34,"column":1}},"line":6},"1":{"name":"(anonymous_1)","decl":{"start":{"line":9,"column":27},"end":{"line":9,"column":28}},"loc":{"start":{"line":9,"column":39},"end":{"line":11,"column":3}},"line":9}},"branchMap":{"0":{"loc":{"start":{"line":10,"column":11},"end":{"line":10,"column":69}},"type":"cond-expr","locations":[{"start":{"line":10,"column":41},"end":{"line":10,"column":64}},{"start":{"line":10,"column":67},"end":{"line":10,"column":69}}],"line":10},"1":{"loc":{"start":{"line":10,"column":11},"end":{"line":10,"column":38}},"type":"binary-expr","locations":[{"start":{"line":10,"column":11},"end":{"line":10,"column":17}},{"start":{"line":10,"column":21},"end":{"line":10,"column":38}}],"line":10}},"s":{"0":3,"1":37,"2":37,"3":37,"4":37},"f":{"0":37,"1":37},"b":{"0":[0,37],"1":[37,0]},"_coverageSchema":"1a1c01bbd47fc00a2c39e90264f33305004495a9","hash":"f13ed4a19a379d058c85c46b172c0630e6a2fb7b"}
,"D:\\FAST\\Semester 6\\SE\\Project 2\\Living-Plus\\frontend\\src\\components\\HomePage.jsx": {"path":"D:\\FAST\\Semester 6\\SE\\Project 2\\Living-Plus\\frontend\\src\\components\\HomePage.jsx","statementMap":{"0":{"start":{"line":4,"column":17},"end":{"line":136,"column":1}},"1":{"start":{"line":6,"column":36},"end":{"line":6,"column":55}},"2":{"start":{"line":8,"column":2},"end":{"line":135,"column":4}},"3":{"start":{"line":71,"column":27},"end":{"line":71,"column":50}},"4":{"start":{"line":77,"column":27},"end":{"line":77,"column":49}},"5":{"start":{"line":83,"column":27},"end":{"line":83,"column":47}}},"fnMap":{"0":{"name":"(anonymous_0)","decl":{"start":{"line":4,"column":17},"end":{"line":4,"column":18}},"loc":{"start":{"line":4,"column":23},"end":{"line":136,"column":1}},"line":4},"1":{"name":"(anonymous_1)","decl":{"start":{"line":71,"column":21},"end":{"line":71,"column":22}},"loc":{"start":{"line":71,"column":27},"end":{"line":71,"column":50}},"line":71},"2":{"name":"(anonymous_2)","decl":{"start":{"line":77,"column":21},"end":{"line":77,"column":22}},"loc":{"start":{"line":77,"column":27},"end":{"line":77,"column":49}},"line":77},"3":{"name":"(anonymous_3)","decl":{"start":{"line":83,"column":21},"end":{"line":83,"column":22}},"loc":{"start":{"line":83,"column":27},"end":{"line":83,"column":47}},"line":83}},"branchMap":{"0":{"loc":{"start":{"line":70,"column":23},"end":{"line":70,"column":69}},"type":"cond-expr","locations":[{"start":{"line":70,"column":49},"end":{"line":70,"column":61}},{"start":{"line":70,"column":64},"end":{"line":70,"column":69}}],"line":70},"1":{"loc":{"start":{"line":76,"column":23},"end":{"line":76,"column":68}},"type":"cond-expr","locations":[{"start":{"line":76,"column":48},"end":{"line":76,"column":60}},{"start":{"line":76,"column":63},"end":{"line":76,"column":68}}],"line":76},"2":{"loc":{"start":{"line":82,"column":23},"end":{"line":82,"column":66}},"type":"cond-expr","locations":[{"start":{"line":82,"column":46},"end":{"line":82,"column":58}},{"start":{"line":82,"column":61},"end":{"line":82,"column":66}}],"line":82},"3":{"loc":{"start":{"line":89,"column":11},"end":{"line":95,"column":11}},"type":"binary-expr","locations":[{"start":{"line":89,"column":11},"end":{"line":89,"column":34}},{"start":{"line":90,"column":12},"end":{"line":94,"column":16}}],"line":89},"4":{"loc":{"start":{"line":96,"column":11},"end":{"line":101,"column":11}},"type":"binary-expr","locations":[{"start":{"line":96,"column":11},"end":{"line":96,"column":33}},{"start":{"line":97,"column":12},"end":{"line":100,"column":16}}],"line":96},"5":{"loc":{"start":{"line":102,"column":11},"end":{"line":107,"column":11}},"type":"binary-expr","locations":[{"start":{"line":102,"column":11},"end":{"line":102,"column":31}},{"start":{"line":103,"column":12},"end":{"line":106,"column":16}}],"line":102}},"s":{"0":1,"1":9,"2":9,"3":1,"4":1,"5":1},"f":{"0":9,"1":1,"2":1,"3":1},"b":{"0":[7,2],"1":[1,8],"2":[1,8],"3":[9,7],"4":[9,1],"5":[9,1]},"_coverageSchema":"1a1c01bbd47fc00a2c39e90264f33305004495a9","hash":"c07e91f923fe45673ef81b373d3226d2c2e9f598"}
,"D:\\FAST\\Semester 6\\SE\\Project 2\\Living-Plus\\frontend\\src\\components\\Login.jsx": {"path":"D:\\FAST\\Semester 6\\SE\\Project 2\\Living-Plus\\frontend\\src\\components\\Login.jsx","statementMap":{"0":{"start":{"line":5,"column":18},"end":{"line":105,"column":1}},"1":{"start":{"line":6,"column":28},"end":{"line":6,"column":40}},"2":{"start":{"line":7,"column":34},"end":{"line":7,"column":46}},"3":{"start":{"line":8,"column":19},"end":{"line":8,"column":32}},"4":{"start":{"line":10,"column":23},"end":{"line":37,"column":3}},"5":{"start":{"line":11,"column":4},"end":{"line":11,"column":23}},"6":{"start":{"line":13,"column":4},"end":{"line":13,"column":60}},"7":{"start":{"line":15,"column":4},"end":{"line":36,"column":5}},"8":{"start":{"line":16,"column":23},"end":{"line":21,"column":8}},"9":{"start":{"line":23,"column":19},"end":{"line":23,"column":40}},"10":{"start":{"line":25,"column":6},"end":{"line":32,"column":7}},"11":{"start":{"line":26,"column":8},"end":{"line":26,"column":35}},"12":{"start":{"line":27,"column":8},"end":{"line":27,"column":31}},"13":{"start":{"line":28,"column":8},"end":{"line":28,"column":57}},"14":{"start":{"line":29,"column":8},"end":{"line":29,"column":33}},"15":{"start":{"line":31,"column":8},"end":{"line":31,"column":59}},"16":{"start":{"line":34,"column":6},"end":{"line":34,"column":43}},"17":{"start":{"line":35,"column":6},"end":{"line":35,"column":55}},"18":{"start":{"line":39,"column":22},"end":{"line":41,"column":3}},"19":{"start":{"line":40,"column":4},"end":{"line":40,"column":18}},"20":{"start":{"line":43,"column":2},"end":{"line":104,"column":4}},"21":{"start":{"line":79,"column":31},"end":{"line":79,"column":55}},"22":{"start":{"line":89,"column":31},"end":{"line":89,"column":58}}},"fnMap":{"0":{"name":"(anonymous_0)","decl":{"start":{"line":5,"column":18},"end":{"line":5,"column":19}},"loc":{"start":{"line":5,"column":24},"end":{"line":105,"column":1}},"line":5},"1":{"name":"(anonymous_1)","decl":{"start":{"line":10,"column":23},"end":{"line":10,"column":24}},"loc":{"start":{"line":10,"column":36},"end":{"line":37,"column":3}},"line":10},"2":{"name":"(anonymous_2)","decl":{"start":{"line":39,"column":22},"end":{"line":39,"column":23}},"loc":{"start":{"line":39,"column":28},"end":{"line":41,"column":3}},"line":39},"3":{"name":"(anonymous_3)","decl":{"start":{"line":79,"column":24},"end":{"line":79,"column":25}},"loc":{"start":{"line":79,"column":31},"end":{"line":79,"column":55}},"line":79},"4":{"name":"(anonymous_4)","decl":{"start":{"line":89,"column":24},"end":{"line":89,"column":25}},"loc":{"start":{"line":89,"column":31},"end":{"line":89,"column":58}},"line":89}},"branchMap":{"0":{"loc":{"start":{"line":25,"column":6},"end":{"line":32,"column":7}},"type":"if","locations":[{"start":{"line":25,"column":6},"end":{"line":32,"column":7}},{"start":{"line":30,"column":13},"end":{"line":32,"column":7}}],"line":25},"1":{"loc":{"start":{"line":31,"column":14},"end":{"line":31,"column":57}},"type":"binary-expr","locations":[{"start":{"line":31,"column":14},"end":{"line":31,"column":26}},{"start":{"line":31,"column":30},"end":{"line":31,"column":57}}],"line":31}},"s":{"0":1,"1":114,"2":114,"3":114,"4":114,"5":3,"6":3,"7":3,"8":3,"9":2,"10":2,"11":1,"12":1,"13":1,"14":1,"15":1,"16":1,"17":1,"18":114,"19":1,"20":114,"21":65,"22":42},"f":{"0":114,"1":3,"2":1,"3":65,"4":42},"b":{"0":[1,1],"1":[1,0]},"_coverageSchema":"1a1c01bbd47fc00a2c39e90264f33305004495a9","hash":"a35a60ac2cace3326e4c5808c2e684708551753e"}
,"D:\\FAST\\Semester 6\\SE\\Project 2\\Living-Plus\\frontend\\src\\components\\Sidebar.jsx": {"path":"D:\\FAST\\Semester 6\\SE\\Project 2\\Living-Plus\\frontend\\src\\components\\Sidebar.jsx","statementMap":{"0":{"start":{"line":13,"column":16},"end":{"line":84,"column":1}},"1":{"start":{"line":14,"column":19},"end":{"line":14,"column":32}},"2":{"start":{"line":16,"column":20},"end":{"line":53,"column":3}},"3":{"start":{"line":55,"column":26},"end":{"line":57,"column":3}},"4":{"start":{"line":56,"column":4},"end":{"line":56,"column":22}},"5":{"start":{"line":59,"column":2},"end":{"line":83,"column":4}},"6":{"start":{"line":64,"column":12},"end":{"line":78,"column":17}},"7":{"start":{"line":73,"column":31},"end":{"line":73,"column":55}}},"fnMap":{"0":{"name":"(anonymous_0)","decl":{"start":{"line":13,"column":16},"end":{"line":13,"column":17}},"loc":{"start":{"line":13,"column":61},"end":{"line":84,"column":1}},"line":13},"1":{"name":"(anonymous_1)","decl":{"start":{"line":55,"column":26},"end":{"line":55,"column":27}},"loc":{"start":{"line":55,"column":34},"end":{"line":57,"column":3}},"line":55},"2":{"name":"(anonymous_2)","decl":{"start":{"line":63,"column":25},"end":{"line":63,"column":26}},"loc":{"start":{"line":64,"column":12},"end":{"line":78,"column":17}},"line":64},"3":{"name":"(anonymous_3)","decl":{"start":{"line":73,"column":25},"end":{"line":73,"column":26}},"loc":{"start":{"line":73,"column":31},"end":{"line":73,"column":55}},"line":73}},"branchMap":{"0":{"loc":{"start":{"line":67,"column":16},"end":{"line":67,"column":54}},"type":"cond-expr","locations":[{"start":{"line":67,"column":41},"end":{"line":67,"column":49}},{"start":{"line":67,"column":52},"end":{"line":67,"column":54}}],"line":67}},"s":{"0":1,"1":3,"2":3,"3":3,"4":0,"5":3,"6":18,"7":0},"f":{"0":3,"1":0,"2":18,"3":0},"b":{"0":[3,15]},"_coverageSchema":"1a1c01bbd47fc00a2c39e90264f33305004495a9","hash":"1295827a37550d38351b1813682fb0baa5753829"}
,"D:\\FAST\\Semester 6\\SE\\Project 2\\Living-Plus\\frontend\\src\\components\\SignUp.jsx": {"path":"D:\\FAST\\Semester 6\\SE\\Project 2\\Living-Plus\\frontend\\src\\components\\SignUp.jsx","statementMap":{"0":{"start":{"line":7,"column":19},"end":{"line":7,"column":32}},"1":{"start":{"line":8,"column":34},"end":{"line":17,"column":4}},"2":{"start":{"line":19,"column":48},"end":{"line":19,"column":63}},"3":{"start":{"line":20,"column":62},"end":{"line":20,"column":77}},"4":{"start":{"line":21,"column":28},"end":{"line":21,"column":40}},"5":{"start":{"line":22,"column":46},"end":{"line":22,"column":58}},"6":{"start":{"line":25,"column":23},"end":{"line":31,"column":3}},"7":{"start":{"line":26,"column":28},"end":{"line":26,"column":36}},"8":{"start":{"line":27,"column":4},"end":{"line":30,"column":8}},"9":{"start":{"line":27,"column":31},"end":{"line":30,"column":5}},"10":{"start":{"line":33,"column":22},"end":{"line":35,"column":3}},"11":{"start":{"line":34,"column":4},"end":{"line":34,"column":18}},"12":{"start":{"line":37,"column":23},"end":{"line":69,"column":3}},"13":{"start":{"line":38,"column":4},"end":{"line":38,"column":23}},"14":{"start":{"line":39,"column":4},"end":{"line":39,"column":17}},"15":{"start":{"line":40,"column":4},"end":{"line":40,"column":26}},"16":{"start":{"line":42,"column":4},"end":{"line":45,"column":5}},"17":{"start":{"line":43,"column":6},"end":{"line":43,"column":42}},"18":{"start":{"line":44,"column":6},"end":{"line":44,"column":13}},"19":{"start":{"line":47,"column":4},"end":{"line":68,"column":5}},"20":{"start":{"line":48,"column":24},"end":{"line":52,"column":7}},"21":{"start":{"line":54,"column":6},"end":{"line":54,"column":35}},"22":{"start":{"line":55,"column":6},"end":{"line":55,"column":57}},"23":{"start":{"line":56,"column":6},"end":{"line":65,"column":9}},"24":{"start":{"line":67,"column":6},"end":{"line":67,"column":71}},"25":{"start":{"line":71,"column":2},"end":{"line":183,"column":4}}},"fnMap":{"0":{"name":"SignUp","decl":{"start":{"line":6,"column":9},"end":{"line":6,"column":15}},"loc":{"start":{"line":6,"column":18},"end":{"line":184,"column":1}},"line":6},"1":{"name":"(anonymous_1)","decl":{"start":{"line":25,"column":23},"end":{"line":25,"column":24}},"loc":{"start":{"line":25,"column":30},"end":{"line":31,"column":3}},"line":25},"2":{"name":"(anonymous_2)","decl":{"start":{"line":27,"column":16},"end":{"line":27,"column":17}},"loc":{"start":{"line":27,"column":31},"end":{"line":30,"column":5}},"line":27},"3":{"name":"(anonymous_3)","decl":{"start":{"line":33,"column":22},"end":{"line":33,"column":23}},"loc":{"start":{"line":33,"column":28},"end":{"line":35,"column":3}},"line":33},"4":{"name":"(anonymous_4)","decl":{"start":{"line":37,"column":23},"end":{"line":37,"column":24}},"loc":{"start":{"line":37,"column":36},"end":{"line":69,"column":3}},"line":37}},"branchMap":{"0":{"loc":{"start":{"line":42,"column":4},"end":{"line":45,"column":5}},"type":"if","locations":[{"start":{"line":42,"column":4},"end":{"line":45,"column":5}},{"start":{},"end":{}}],"line":42},"1":{"loc":{"start":{"line":67,"column":15},"end":{"line":67,"column":69}},"type":"binary-expr","locations":[{"start":{"line":67,"column":15},"end":{"line":67,"column":42}},{"start":{"line":67,"column":46},"end":{"line":67,"column":69}}],"line":67},"2":{"loc":{"start":{"line":84,"column":9},"end":{"line":84,"column":58}},"type":"binary-expr","locations":[{"start":{"line":84,"column":9},"end":{"line":84,"column":14}},{"start":{"line":84,"column":18},"end":{"line":84,"column":58}}],"line":84},"3":{"loc":{"start":{"line":85,"column":9},"end":{"line":85,"column":78}},"type":"binary-expr","locations":[{"start":{"line":85,"column":9},"end":{"line":85,"column":23}},{"start":{"line":85,"column":27},"end":{"line":85,"column":78}}],"line":85},"4":{"loc":{"start":{"line":157,"column":20},"end":{"line":157,"column":57}},"type":"cond-expr","locations":[{"start":{"line":157,"column":38},"end":{"line":157,"column":44}},{"start":{"line":157,"column":47},"end":{"line":157,"column":57}}],"line":157},"5":{"loc":{"start":{"line":168,"column":20},"end":{"line":168,"column":64}},"type":"cond-expr","locations":[{"start":{"line":168,"column":45},"end":{"line":168,"column":51}},{"start":{"line":168,"column":54},"end":{"line":168,"column":64}}],"line":168}},"s":{"0":280,"1":280,"2":280,"3":280,"4":280,"5":280,"6":280,"7":273,"8":273,"9":273,"10":280,"11":1,"12":280,"13":0,"14":0,"15":0,"16":0,"17":0,"18":0,"19":0,"20":0,"21":0,"22":0,"23":0,"24":0,"25":280},"f":{"0":280,"1":273,"2":273,"3":1,"4":0},"b":{"0":[0,0],"1":[0,0],"2":[280,0],"3":[280,0],"4":[0,280],"5":[0,280]},"_coverageSchema":"1a1c01bbd47fc00a2c39e90264f33305004495a9","hash":"c3e4fe873d6364aff366a6943d9a5f2b9e9612a7"}
,"D:\\FAST\\Semester 6\\SE\\Project 2\\Living-Plus\\frontend\\src\\components\\dashboard.jsx": {"path":"D:\\FAST\\Semester 6\\SE\\Project 2\\Living-Plus\\frontend\\src\\components\\dashboard.jsx","statementMap":{"0":{"start":{"line":8,"column":18},"end":{"line":164,"column":1}},"1":{"start":{"line":9,"column":38},"end":{"line":9,"column":59}},"2":{"start":{"line":10,"column":38},"end":{"line":10,"column":64}},"3":{"start":{"line":11,"column":26},"end":{"line":11,"column":40}},"4":{"start":{"line":12,"column":44},"end":{"line":12,"column":56}},"5":{"start":{"line":13,"column":42},"end":{"line":13,"column":54}},"6":{"start":{"line":14,"column":32},"end":{"line":14,"column":46}},"7":{"start":{"line":15,"column":28},"end":{"line":15,"column":42}},"8":{"start":{"line":17,"column":23},"end":{"line":37,"column":3}},"9":{"start":{"line":18,"column":4},"end":{"line":36,"column":5}},"10":{"start":{"line":19,"column":23},"end":{"line":19,"column":41}},"11":{"start":{"line":20,"column":22},"end":{"line":20,"column":39}},"12":{"start":{"line":21,"column":6},"end":{"line":21,"column":37}},"13":{"start":{"line":22,"column":45},"end":{"line":26,"column":8}},"14":{"start":{"line":27,"column":6},"end":{"line":27,"column":32}},"15":{"start":{"line":28,"column":6},"end":{"line":28,"column":28}},"16":{"start":{"line":29,"column":6},"end":{"line":29,"column":39}},"17":{"start":{"line":30,"column":6},"end":{"line":30,"column":37}},"18":{"start":{"line":32,"column":6},"end":{"line":32,"column":56}},"19":{"start":{"line":33,"column":6},"end":{"line":33,"column":49}},"20":{"start":{"line":35,"column":6},"end":{"line":35,"column":24}},"21":{"start":{"line":39,"column":2},"end":{"line":63,"column":9}},"22":{"start":{"line":40,"column":22},"end":{"line":60,"column":5}},"23":{"start":{"line":41,"column":6},"end":{"line":59,"column":7}},"24":{"start":{"line":42,"column":8},"end":{"line":42,"column":25}},"25":{"start":{"line":43,"column":25},"end":{"line":45,"column":10}},"26":{"start":{"line":47,"column":25},"end":{"line":47,"column":43}},"27":{"start":{"line":48,"column":8},"end":{"line":48,"column":26}},"28":{"start":{"line":50,"column":8},"end":{"line":54,"column":9}},"29":{"start":{"line":51,"column":10},"end":{"line":51,"column":33}},"30":{"start":{"line":53,"column":10},"end":{"line":53,"column":28}},"31":{"start":{"line":56,"column":8},"end":{"line":56,"column":61}},"32":{"start":{"line":57,"column":8},"end":{"line":57,"column":49}},"33":{"start":{"line":58,"column":8},"end":{"line":58,"column":26}},"34":{"start":{"line":62,"column":4},"end":{"line":62,"column":16}},"35":{"start":{"line":65,"column":23},"end":{"line":75,"column":3}},"36":{"start":{"line":66,"column":4},"end":{"line":66,"column":27}},"37":{"start":{"line":66,"column":14},"end":{"line":66,"column":27}},"38":{"start":{"line":67,"column":22},"end":{"line":67,"column":35}},"39":{"start":{"line":68,"column":18},"end":{"line":68,"column":28}},"40":{"start":{"line":69,"column":14},"end":{"line":69,"column":59}},"41":{"start":{"line":70,"column":14},"end":{"line":70,"column":53}},"42":{"start":{"line":71,"column":4},"end":{"line":73,"column":5}},"43":{"start":{"line":72,"column":6},"end":{"line":72,"column":12}},"44":{"start":{"line":74,"column":4},"end":{"line":74,"column":15}},"45":{"start":{"line":77,"column":2},"end":{"line":77,"column":40}},"46":{"start":{"line":77,"column":15},"end":{"line":77,"column":40}},"47":{"start":{"line":78,"column":2},"end":{"line":78,"column":53}},"48":{"start":{"line":78,"column":13},"end":{"line":78,"column":53}},"49":{"start":{"line":80,"column":2},"end":{"line":163,"column":4}},"50":{"start":{"line":120,"column":20},"end":{"line":125,"column":25}},"51":{"start":{"line":148,"column":20},"end":{"line":153,"column":25}}},"fnMap":{"0":{"name":"(anonymous_0)","decl":{"start":{"line":8,"column":18},"end":{"line":8,"column":19}},"loc":{"start":{"line":8,"column":24},"end":{"line":164,"column":1}},"line":8},"1":{"name":"(anonymous_1)","decl":{"start":{"line":17,"column":23},"end":{"line":17,"column":24}},"loc":{"start":{"line":17,"column":43},"end":{"line":37,"column":3}},"line":17},"2":{"name":"(anonymous_2)","decl":{"start":{"line":39,"column":12},"end":{"line":39,"column":13}},"loc":{"start":{"line":39,"column":18},"end":{"line":63,"column":3}},"line":39},"3":{"name":"(anonymous_3)","decl":{"start":{"line":40,"column":22},"end":{"line":40,"column":23}},"loc":{"start":{"line":40,"column":34},"end":{"line":60,"column":5}},"line":40},"4":{"name":"(anonymous_4)","decl":{"start":{"line":65,"column":23},"end":{"line":65,"column":24}},"loc":{"start":{"line":65,"column":32},"end":{"line":75,"column":3}},"line":65},"5":{"name":"(anonymous_5)","decl":{"start":{"line":119,"column":37},"end":{"line":119,"column":38}},"loc":{"start":{"line":120,"column":20},"end":{"line":125,"column":25}},"line":120},"6":{"name":"(anonymous_6)","decl":{"start":{"line":147,"column":36},"end":{"line":147,"column":37}},"loc":{"start":{"line":148,"column":20},"end":{"line":153,"column":25}},"line":148}},"branchMap":{"0":{"loc":{"start":{"line":50,"column":8},"end":{"line":54,"column":9}},"type":"if","locations":[{"start":{"line":50,"column":8},"end":{"line":54,"column":9}},{"start":{"line":52,"column":15},"end":{"line":54,"column":9}}],"line":50},"1":{"loc":{"start":{"line":50,"column":12},"end":{"line":50,"column":51}},"type":"binary-expr","locations":[{"start":{"line":50,"column":12},"end":{"line":50,"column":30}},{"start":{"line":50,"column":34},"end":{"line":50,"column":51}}],"line":50},"2":{"loc":{"start":{"line":66,"column":4},"end":{"line":66,"column":27}},"type":"if","locations":[{"start":{"line":66,"column":4},"end":{"line":66,"column":27}},{"start":{},"end":{}}],"line":66},"3":{"loc":{"start":{"line":71,"column":4},"end":{"line":73,"column":5}},"type":"if","locations":[{"start":{"line":71,"column":4},"end":{"line":73,"column":5}},{"start":{},"end":{}}],"line":71},"4":{"loc":{"start":{"line":71,"column":8},"end":{"line":71,"column":67}},"type":"binary-expr","locations":[{"start":{"line":71,"column":8},"end":{"line":71,"column":13}},{"start":{"line":71,"column":18},"end":{"line":71,"column":25}},{"start":{"line":71,"column":29},"end":{"line":71,"column":66}}],"line":71},"5":{"loc":{"start":{"line":77,"column":2},"end":{"line":77,"column":40}},"type":"if","locations":[{"start":{"line":77,"column":2},"end":{"line":77,"column":40}},{"start":{},"end":{}}],"line":77},"6":{"loc":{"start":{"line":78,"column":2},"end":{"line":78,"column":53}},"type":"if","locations":[{"start":{"line":78,"column":2},"end":{"line":78,"column":53}},{"start":{},"end":{}}],"line":78},"7":{"loc":{"start":{"line":88,"column":11},"end":{"line":103,"column":11}},"type":"binary-expr","locations":[{"start":{"line":88,"column":11},"end":{"line":88,"column":15}},{"start":{"line":89,"column":12},"end":{"line":102,"column":22}}],"line":88},"8":{"loc":{"start":{"line":106,"column":13},"end":{"line":129,"column":13}},"type":"cond-expr","locations":[{"start":{"line":107,"column":14},"end":{"line":107,"column":56}},{"start":{"line":109,"column":14},"end":{"line":128,"column":22}}],"line":106},"9":{"loc":{"start":{"line":134,"column":13},"end":{"line":157,"column":13}},"type":"cond-expr","locations":[{"start":{"line":135,"column":14},"end":{"line":135,"column":56}},{"start":{"line":137,"column":14},"end":{"line":156,"column":22}}],"line":134}},"s":{"0":1,"1":9,"2":9,"3":9,"4":9,"5":9,"6":9,"7":9,"8":9,"9":3,"10":3,"11":3,"12":3,"13":3,"14":3,"15":3,"16":3,"17":3,"18":0,"19":0,"20":3,"21":9,"22":5,"23":5,"24":5,"25":5,"26":3,"27":3,"28":3,"29":3,"30":0,"31":2,"32":2,"33":2,"34":5,"35":9,"36":3,"37":0,"38":3,"39":3,"40":3,"41":3,"42":3,"43":1,"44":3,"45":9,"46":5,"47":4,"48":1,"49":3,"50":2,"51":2},"f":{"0":9,"1":3,"2":5,"3":5,"4":3,"5":2,"6":2},"b":{"0":[3,0],"1":[3,0],"2":[0,3],"3":[1,2],"4":[3,2,2],"5":[5,4],"6":[1,3],"7":[3,3],"8":[1,2],"9":[1,2]},"_coverageSchema":"1a1c01bbd47fc00a2c39e90264f33305004495a9","hash":"64c103b99d667997cc762e9d528a77fbe9d8c8db"}
,"D:\\FAST\\Semester 6\\SE\\Project 2\\Living-Plus\\frontend\\src\\components\\owner-sidebar.jsx": {"path":"D:\\FAST\\Semester 6\\SE\\Project 2\\Living-Plus\\frontend\\src\\components\\owner-sidebar.jsx","statementMap":{"0":{"start":{"line":19,"column":21},"end":{"line":113,"column":1}},"1":{"start":{"line":20,"column":20},"end":{"line":82,"column":3}},"2":{"start":{"line":84,"column":26},"end":{"line":86,"column":3}},"3":{"start":{"line":85,"column":4},"end":{"line":85,"column":22}},"4":{"start":{"line":88,"column":2},"end":{"line":112,"column":4}},"5":{"start":{"line":93,"column":12},"end":{"line":107,"column":17}},"6":{"start":{"line":102,"column":31},"end":{"line":102,"column":55}}},"fnMap":{"0":{"name":"(anonymous_0)","decl":{"start":{"line":19,"column":21},"end":{"line":19,"column":22}},"loc":{"start":{"line":19,"column":56},"end":{"line":113,"column":1}},"line":19},"1":{"name":"(anonymous_1)","decl":{"start":{"line":84,"column":26},"end":{"line":84,"column":27}},"loc":{"start":{"line":84,"column":34},"end":{"line":86,"column":3}},"line":84},"2":{"name":"(anonymous_2)","decl":{"start":{"line":92,"column":25},"end":{"line":92,"column":26}},"loc":{"start":{"line":93,"column":12},"end":{"line":107,"column":17}},"line":93},"3":{"name":"(anonymous_3)","decl":{"start":{"line":102,"column":25},"end":{"line":102,"column":26}},"loc":{"start":{"line":102,"column":31},"end":{"line":102,"column":55}},"line":102}},"branchMap":{"0":{"loc":{"start":{"line":96,"column":16},"end":{"line":96,"column":54}},"type":"cond-expr","locations":[{"start":{"line":96,"column":41},"end":{"line":96,"column":49}},{"start":{"line":96,"column":52},"end":{"line":96,"column":54}}],"line":96}},"s":{"0":3,"1":38,"2":38,"3":1,"4":38,"5":418,"6":1},"f":{"0":38,"1":1,"2":418,"3":1},"b":{"0":[18,400]},"_coverageSchema":"1a1c01bbd47fc00a2c39e90264f33305004495a9","hash":"9312e5c0d38c4c62eba3911b4899ed599beac59e"}
,"D:\\FAST\\Semester 6\\SE\\Project 2\\Living-Plus\\frontend\\src\\components\\paymentOwner.jsx": {"path":"D:\\FAST\\Semester 6\\SE\\Project 2\\Living-Plus\\frontend\\src\\components\\paymentOwner.jsx","statementMap":{"0":{"start":{"line":11,"column":21},"end":{"line":439,"column":1}},"1":{"start":{"line":12,"column":46},"end":{"line":12,"column":58}},"2":{"start":{"line":13,"column":42},"end":{"line":13,"column":54}},"3":{"start":{"line":14,"column":30},"end":{"line":14,"column":42}},"4":{"start":{"line":15,"column":30},"end":{"line":15,"column":42}},"5":{"start":{"line":16,"column":38},"end":{"line":16,"column":57}},"6":{"start":{"line":17,"column":38},"end":{"line":17,"column":57}},"7":{"start":{"line":18,"column":32},"end":{"line":18,"column":44}},"8":{"start":{"line":19,"column":28},"end":{"line":19,"column":40}},"9":{"start":{"line":20,"column":26},"end":{"line":20,"column":40}},"10":{"start":{"line":21,"column":32},"end":{"line":21,"column":47}},"11":{"start":{"line":22,"column":28},"end":{"line":22,"column":42}},"12":{"start":{"line":25,"column":23},"end":{"line":25,"column":46}},"13":{"start":{"line":27,"column":2},"end":{"line":59,"column":9}},"14":{"start":{"line":28,"column":22},"end":{"line":56,"column":5}},"15":{"start":{"line":29,"column":6},"end":{"line":55,"column":7}},"16":{"start":{"line":30,"column":8},"end":{"line":30,"column":25}},"17":{"start":{"line":31,"column":25},"end":{"line":33,"column":10}},"18":{"start":{"line":34,"column":8},"end":{"line":34,"column":31}},"19":{"start":{"line":36,"column":8},"end":{"line":36,"column":49}},"20":{"start":{"line":39,"column":8},"end":{"line":46,"column":9}},"21":{"start":{"line":40,"column":10},"end":{"line":40,"column":59}},"22":{"start":{"line":42,"column":10},"end":{"line":42,"column":59}},"23":{"start":{"line":43,"column":10},"end":{"line":45,"column":12}},"24":{"start":{"line":48,"column":8},"end":{"line":48,"column":26}},"25":{"start":{"line":50,"column":8},"end":{"line":50,"column":61}},"26":{"start":{"line":51,"column":8},"end":{"line":53,"column":10}},"27":{"start":{"line":54,"column":8},"end":{"line":54,"column":26}},"28":{"start":{"line":58,"column":4},"end":{"line":58,"column":16}},"29":{"start":{"line":61,"column":25},"end":{"line":187,"column":3}},"30":{"start":{"line":62,"column":4},"end":{"line":186,"column":5}},"31":{"start":{"line":63,"column":6},"end":{"line":63,"column":58}},"32":{"start":{"line":66,"column":25},"end":{"line":71,"column":7}},"33":{"start":{"line":73,"column":6},"end":{"line":76,"column":7}},"34":{"start":{"line":74,"column":8},"end":{"line":74,"column":68}},"35":{"start":{"line":75,"column":8},"end":{"line":75,"column":15}},"36":{"start":{"line":78,"column":29},"end":{"line":78,"column":72}},"37":{"start":{"line":78,"column":61},"end":{"line":78,"column":71}},"38":{"start":{"line":79,"column":6},"end":{"line":79,"column":57}},"39":{"start":{"line":82,"column":23},"end":{"line":84,"column":8}},"40":{"start":{"line":86,"column":6},"end":{"line":89,"column":7}},"41":{"start":{"line":87,"column":8},"end":{"line":87,"column":67}},"42":{"start":{"line":88,"column":8},"end":{"line":88,"column":15}},"43":{"start":{"line":92,"column":25},"end":{"line":97,"column":8}},"44":{"start":{"line":95,"column":10},"end":{"line":95,"column":79}},"45":{"start":{"line":96,"column":8},"end":{"line":96,"column":49}},"46":{"start":{"line":99,"column":6},"end":{"line":99,"column":72}},"47":{"start":{"line":102,"column":25},"end":{"line":102,"column":34}},"48":{"start":{"line":104,"column":6},"end":{"line":130,"column":9}},"49":{"start":{"line":105,"column":8},"end":{"line":129,"column":9}},"50":{"start":{"line":107,"column":25},"end":{"line":107,"column":38}},"51":{"start":{"line":108,"column":27},"end":{"line":108,"column":75}},"52":{"start":{"line":110,"column":10},"end":{"line":128,"column":11}},"53":{"start":{"line":111,"column":12},"end":{"line":127,"column":13}},"54":{"start":{"line":113,"column":14},"end":{"line":120,"column":17}},"55":{"start":{"line":123,"column":14},"end":{"line":126,"column":17}},"56":{"start":{"line":132,"column":27},"end":{"line":132,"column":58}},"57":{"start":{"line":133,"column":6},"end":{"line":133,"column":52}},"58":{"start":{"line":136,"column":26},"end":{"line":138,"column":8}},"59":{"start":{"line":140,"column":24},"end":{"line":140,"column":26}},"60":{"start":{"line":141,"column":6},"end":{"line":148,"column":7}},"61":{"start":{"line":142,"column":8},"end":{"line":142,"column":39}},"62":{"start":{"line":143,"column":13},"end":{"line":148,"column":7}},"63":{"start":{"line":147,"column":8},"end":{"line":147,"column":48}},"64":{"start":{"line":151,"column":29},"end":{"line":151,"column":58}},"65":{"start":{"line":153,"column":28},"end":{"line":159,"column":8}},"66":{"start":{"line":155,"column":10},"end":{"line":157,"column":30}},"67":{"start":{"line":158,"column":8},"end":{"line":158,"column":77}},"68":{"start":{"line":162,"column":32},"end":{"line":176,"column":8}},"69":{"start":{"line":164,"column":10},"end":{"line":166,"column":30}},"70":{"start":{"line":167,"column":23},"end":{"line":167,"column":47}},"71":{"start":{"line":169,"column":8},"end":{"line":175,"column":10}},"72":{"start":{"line":179,"column":6},"end":{"line":179,"column":31}},"73":{"start":{"line":180,"column":6},"end":{"line":180,"column":34}},"74":{"start":{"line":182,"column":6},"end":{"line":182,"column":57}},"75":{"start":{"line":183,"column":6},"end":{"line":185,"column":8}},"76":{"start":{"line":189,"column":32},"end":{"line":243,"column":3}},"77":{"start":{"line":190,"column":4},"end":{"line":193,"column":5}},"78":{"start":{"line":191,"column":6},"end":{"line":191,"column":47}},"79":{"start":{"line":192,"column":6},"end":{"line":192,"column":13}},"80":{"start":{"line":195,"column":4},"end":{"line":242,"column":5}},"81":{"start":{"line":197,"column":21},"end":{"line":197,"column":71}},"82":{"start":{"line":197,"column":41},"end":{"line":197,"column":70}},"83":{"start":{"line":199,"column":6},"end":{"line":202,"column":7}},"84":{"start":{"line":200,"column":8},"end":{"line":200,"column":34}},"85":{"start":{"line":201,"column":8},"end":{"line":201,"column":15}},"86":{"start":{"line":205,"column":26},"end":{"line":211,"column":7}},"87":{"start":{"line":214,"column":6},"end":{"line":216,"column":9}},"88":{"start":{"line":218,"column":31},"end":{"line":222,"column":7}},"89":{"start":{"line":223,"column":6},"end":{"line":223,"column":58}},"90":{"start":{"line":224,"column":6},"end":{"line":226,"column":9}},"91":{"start":{"line":228,"column":6},"end":{"line":228,"column":78}},"92":{"start":{"line":231,"column":6},"end":{"line":233,"column":7}},"93":{"start":{"line":232,"column":8},"end":{"line":232,"column":48}},"94":{"start":{"line":236,"column":6},"end":{"line":236,"column":20}},"95":{"start":{"line":237,"column":6},"end":{"line":237,"column":26}},"96":{"start":{"line":238,"column":6},"end":{"line":238,"column":28}},"97":{"start":{"line":240,"column":6},"end":{"line":240,"column":56}},"98":{"start":{"line":241,"column":6},"end":{"line":241,"column":61}},"99":{"start":{"line":245,"column":21},"end":{"line":250,"column":3}},"100":{"start":{"line":246,"column":24},"end":{"line":248,"column":6}},"101":{"start":{"line":247,"column":6},"end":{"line":247,"column":55}},"102":{"start":{"line":249,"column":4},"end":{"line":249,"column":26}},"103":{"start":{"line":252,"column":22},"end":{"line":274,"column":3}},"104":{"start":{"line":253,"column":24},"end":{"line":253,"column":34}},"105":{"start":{"line":255,"column":4},"end":{"line":259,"column":5}},"106":{"start":{"line":256,"column":6},"end":{"line":258,"column":8}},"107":{"start":{"line":257,"column":8},"end":{"line":257,"column":44}},"108":{"start":{"line":261,"column":4},"end":{"line":265,"column":5}},"109":{"start":{"line":262,"column":6},"end":{"line":264,"column":8}},"110":{"start":{"line":263,"column":8},"end":{"line":263,"column":47}},"111":{"start":{"line":267,"column":4},"end":{"line":271,"column":5}},"112":{"start":{"line":268,"column":6},"end":{"line":270,"column":8}},"113":{"start":{"line":269,"column":8},"end":{"line":269,"column":64}},"114":{"start":{"line":273,"column":4},"end":{"line":273,"column":25}},"115":{"start":{"line":276,"column":2},"end":{"line":278,"column":3}},"116":{"start":{"line":277,"column":4},"end":{"line":277,"column":53}},"117":{"start":{"line":280,"column":2},"end":{"line":438,"column":4}},"118":{"start":{"line":303,"column":31},"end":{"line":303,"column":45}},"119":{"start":{"line":316,"column":33},"end":{"line":316,"column":66}},"120":{"start":{"line":326,"column":33},"end":{"line":326,"column":58}},"121":{"start":{"line":336,"column":33},"end":{"line":336,"column":58}},"122":{"start":{"line":365,"column":20},"end":{"line":376,"column":25}},"123":{"start":{"line":397,"column":33},"end":{"line":397,"column":66}},"124":{"start":{"line":401,"column":18},"end":{"line":403,"column":27}},"125":{"start":{"line":413,"column":33},"end":{"line":413,"column":64}},"126":{"start":{"line":422,"column":33},"end":{"line":422,"column":58}}},"fnMap":{"0":{"name":"(anonymous_0)","decl":{"start":{"line":11,"column":21},"end":{"line":11,"column":22}},"loc":{"start":{"line":11,"column":27},"end":{"line":439,"column":1}},"line":11},"1":{"name":"(anonymous_1)","decl":{"start":{"line":27,"column":12},"end":{"line":27,"column":13}},"loc":{"start":{"line":27,"column":18},"end":{"line":59,"column":3}},"line":27},"2":{"name":"(anonymous_2)","decl":{"start":{"line":28,"column":22},"end":{"line":28,"column":23}},"loc":{"start":{"line":28,"column":34},"end":{"line":56,"column":5}},"line":28},"3":{"name":"(anonymous_3)","decl":{"start":{"line":61,"column":25},"end":{"line":61,"column":26}},"loc":{"start":{"line":61,"column":44},"end":{"line":187,"column":3}},"line":61},"4":{"name":"(anonymous_4)","decl":{"start":{"line":78,"column":49},"end":{"line":78,"column":50}},"loc":{"start":{"line":78,"column":61},"end":{"line":78,"column":71}},"line":78},"5":{"name":"(anonymous_5)","decl":{"start":{"line":92,"column":46},"end":{"line":92,"column":47}},"loc":{"start":{"line":92,"column":56},"end":{"line":97,"column":7}},"line":92},"6":{"name":"(anonymous_6)","decl":{"start":{"line":104,"column":25},"end":{"line":104,"column":26}},"loc":{"start":{"line":104,"column":35},"end":{"line":130,"column":7}},"line":104},"7":{"name":"(anonymous_7)","decl":{"start":{"line":153,"column":47},"end":{"line":153,"column":48}},"loc":{"start":{"line":153,"column":60},"end":{"line":159,"column":7}},"line":153},"8":{"name":"(anonymous_8)","decl":{"start":{"line":162,"column":50},"end":{"line":162,"column":51}},"loc":{"start":{"line":162,"column":63},"end":{"line":176,"column":7}},"line":162},"9":{"name":"(anonymous_9)","decl":{"start":{"line":189,"column":32},"end":{"line":189,"column":33}},"loc":{"start":{"line":189,"column":44},"end":{"line":243,"column":3}},"line":189},"10":{"name":"(anonymous_10)","decl":{"start":{"line":197,"column":34},"end":{"line":197,"column":35}},"loc":{"start":{"line":197,"column":41},"end":{"line":197,"column":70}},"line":197},"11":{"name":"(anonymous_11)","decl":{"start":{"line":245,"column":21},"end":{"line":245,"column":22}},"loc":{"start":{"line":245,"column":27},"end":{"line":250,"column":3}},"line":245},"12":{"name":"(anonymous_12)","decl":{"start":{"line":246,"column":40},"end":{"line":246,"column":41}},"loc":{"start":{"line":246,"column":50},"end":{"line":248,"column":5}},"line":246},"13":{"name":"(anonymous_13)","decl":{"start":{"line":252,"column":22},"end":{"line":252,"column":23}},"loc":{"start":{"line":252,"column":28},"end":{"line":274,"column":3}},"line":252},"14":{"name":"(anonymous_14)","decl":{"start":{"line":256,"column":43},"end":{"line":256,"column":44}},"loc":{"start":{"line":257,"column":8},"end":{"line":257,"column":44}},"line":257},"15":{"name":"(anonymous_15)","decl":{"start":{"line":262,"column":43},"end":{"line":262,"column":44}},"loc":{"start":{"line":263,"column":8},"end":{"line":263,"column":47}},"line":263},"16":{"name":"(anonymous_16)","decl":{"start":{"line":268,"column":43},"end":{"line":268,"column":44}},"loc":{"start":{"line":269,"column":8},"end":{"line":269,"column":64}},"line":269},"17":{"name":"(anonymous_17)","decl":{"start":{"line":303,"column":25},"end":{"line":303,"column":26}},"loc":{"start":{"line":303,"column":31},"end":{"line":303,"column":45}},"line":303},"18":{"name":"(anonymous_18)","decl":{"start":{"line":316,"column":26},"end":{"line":316,"column":27}},"loc":{"start":{"line":316,"column":33},"end":{"line":316,"column":66}},"line":316},"19":{"name":"(anonymous_19)","decl":{"start":{"line":326,"column":26},"end":{"line":326,"column":27}},"loc":{"start":{"line":326,"column":33},"end":{"line":326,"column":58}},"line":326},"20":{"name":"(anonymous_20)","decl":{"start":{"line":336,"column":26},"end":{"line":336,"column":27}},"loc":{"start":{"line":336,"column":33},"end":{"line":336,"column":58}},"line":336},"21":{"name":"(anonymous_21)","decl":{"start":{"line":364,"column":36},"end":{"line":364,"column":37}},"loc":{"start":{"line":365,"column":20},"end":{"line":376,"column":25}},"line":365},"22":{"name":"(anonymous_22)","decl":{"start":{"line":397,"column":26},"end":{"line":397,"column":27}},"loc":{"start":{"line":397,"column":33},"end":{"line":397,"column":66}},"line":397},"23":{"name":"(anonymous_23)","decl":{"start":{"line":400,"column":29},"end":{"line":400,"column":30}},"loc":{"start":{"line":401,"column":18},"end":{"line":403,"column":27}},"line":401},"24":{"name":"(anonymous_24)","decl":{"start":{"line":413,"column":26},"end":{"line":413,"column":27}},"loc":{"start":{"line":413,"column":33},"end":{"line":413,"column":64}},"line":413},"25":{"name":"(anonymous_25)","decl":{"start":{"line":422,"column":26},"end":{"line":422,"column":27}},"loc":{"start":{"line":422,"column":33},"end":{"line":422,"column":58}},"line":422}},"branchMap":{"0":{"loc":{"start":{"line":39,"column":8},"end":{"line":46,"column":9}},"type":"if","locations":[{"start":{"line":39,"column":8},"end":{"line":46,"column":9}},{"start":{"line":41,"column":15},"end":{"line":46,"column":9}}],"line":39},"1":{"loc":{"start":{"line":73,"column":6},"end":{"line":76,"column":7}},"type":"if","locations":[{"start":{"line":73,"column":6},"end":{"line":76,"column":7}},{"start":{},"end":{}}],"line":73},"2":{"loc":{"start":{"line":86,"column":6},"end":{"line":89,"column":7}},"type":"if","locations":[{"start":{"line":86,"column":6},"end":{"line":89,"column":7}},{"start":{},"end":{}}],"line":86},"3":{"loc":{"start":{"line":95,"column":10},"end":{"line":95,"column":79}},"type":"cond-expr","locations":[{"start":{"line":95,"column":46},"end":{"line":95,"column":63}},{"start":{"line":95,"column":66},"end":{"line":95,"column":79}}],"line":95},"4":{"loc":{"start":{"line":105,"column":8},"end":{"line":129,"column":9}},"type":"if","locations":[{"start":{"line":105,"column":8},"end":{"line":129,"column":9}},{"start":{},"end":{}}],"line":105},"5":{"loc":{"start":{"line":108,"column":27},"end":{"line":108,"column":75}},"type":"cond-expr","locations":[{"start":{"line":108,"column":56},"end":{"line":108,"column":66}},{"start":{"line":108,"column":69},"end":{"line":108,"column":75}}],"line":108},"6":{"loc":{"start":{"line":110,"column":10},"end":{"line":128,"column":11}},"type":"if","locations":[{"start":{"line":110,"column":10},"end":{"line":128,"column":11}},{"start":{},"end":{}}],"line":110},"7":{"loc":{"start":{"line":111,"column":12},"end":{"line":127,"column":13}},"type":"if","locations":[{"start":{"line":111,"column":12},"end":{"line":127,"column":13}},{"start":{"line":121,"column":19},"end":{"line":127,"column":13}}],"line":111},"8":{"loc":{"start":{"line":141,"column":6},"end":{"line":148,"column":7}},"type":"if","locations":[{"start":{"line":141,"column":6},"end":{"line":148,"column":7}},{"start":{"line":143,"column":13},"end":{"line":148,"column":7}}],"line":141},"9":{"loc":{"start":{"line":143,"column":13},"end":{"line":148,"column":7}},"type":"if","locations":[{"start":{"line":143,"column":13},"end":{"line":148,"column":7}},{"start":{},"end":{}}],"line":143},"10":{"loc":{"start":{"line":144,"column":8},"end":{"line":145,"column":48}},"type":"binary-expr","locations":[{"start":{"line":144,"column":8},"end":{"line":144,"column":33}},{"start":{"line":145,"column":8},"end":{"line":145,"column":48}}],"line":144},"11":{"loc":{"start":{"line":155,"column":10},"end":{"line":157,"column":30}},"type":"cond-expr","locations":[{"start":{"line":156,"column":14},"end":{"line":156,"column":34}},{"start":{"line":157,"column":14},"end":{"line":157,"column":30}}],"line":155},"12":{"loc":{"start":{"line":158,"column":15},"end":{"line":158,"column":76}},"type":"binary-expr","locations":[{"start":{"line":158,"column":15},"end":{"line":158,"column":48}},{"start":{"line":158,"column":52},"end":{"line":158,"column":76}}],"line":158},"13":{"loc":{"start":{"line":164,"column":10},"end":{"line":166,"column":30}},"type":"cond-expr","locations":[{"start":{"line":165,"column":14},"end":{"line":165,"column":34}},{"start":{"line":166,"column":14},"end":{"line":166,"column":30}}],"line":164},"14":{"loc":{"start":{"line":171,"column":18},"end":{"line":171,"column":54}},"type":"cond-expr","locations":[{"start":{"line":171,"column":27},"end":{"line":171,"column":42}},{"start":{"line":171,"column":45},"end":{"line":171,"column":54}}],"line":171},"15":{"loc":{"start":{"line":174,"column":18},"end":{"line":174,"column":53}},"type":"cond-expr","locations":[{"start":{"line":174,"column":35},"end":{"line":174,"column":41}},{"start":{"line":174,"column":44},"end":{"line":174,"column":53}}],"line":174},"16":{"loc":{"start":{"line":190,"column":4},"end":{"line":193,"column":5}},"type":"if","locations":[{"start":{"line":190,"column":4},"end":{"line":193,"column":5}},{"start":{},"end":{}}],"line":190},"17":{"loc":{"start":{"line":190,"column":8},"end":{"line":190,"column":51}},"type":"binary-expr","locations":[{"start":{"line":190,"column":8},"end":{"line":190,"column":23}},{"start":{"line":190,"column":27},"end":{"line":190,"column":40}},{"start":{"line":190,"column":44},"end":{"line":190,"column":51}}],"line":190},"18":{"loc":{"start":{"line":199,"column":6},"end":{"line":202,"column":7}},"type":"if","locations":[{"start":{"line":199,"column":6},"end":{"line":202,"column":7}},{"start":{},"end":{}}],"line":199},"19":{"loc":{"start":{"line":231,"column":6},"end":{"line":233,"column":7}},"type":"if","locations":[{"start":{"line":231,"column":6},"end":{"line":233,"column":7}},{"start":{},"end":{}}],"line":231},"20":{"loc":{"start":{"line":255,"column":4},"end":{"line":259,"column":5}},"type":"if","locations":[{"start":{"line":255,"column":4},"end":{"line":259,"column":5}},{"start":{},"end":{}}],"line":255},"21":{"loc":{"start":{"line":261,"column":4},"end":{"line":265,"column":5}},"type":"if","locations":[{"start":{"line":261,"column":4},"end":{"line":265,"column":5}},{"start":{},"end":{}}],"line":261},"22":{"loc":{"start":{"line":267,"column":4},"end":{"line":271,"column":5}},"type":"if","locations":[{"start":{"line":267,"column":4},"end":{"line":271,"column":5}},{"start":{},"end":{}}],"line":267},"23":{"loc":{"start":{"line":276,"column":2},"end":{"line":278,"column":3}},"type":"if","locations":[{"start":{"line":276,"column":2},"end":{"line":278,"column":3}},{"start":{},"end":{}}],"line":276},"24":{"loc":{"start":{"line":290,"column":11},"end":{"line":309,"column":11}},"type":"binary-expr","locations":[{"start":{"line":290,"column":11},"end":{"line":290,"column":16}},{"start":{"line":291,"column":12},"end":{"line":308,"column":18}}],"line":290},"25":{"loc":{"start":{"line":363,"column":17},"end":{"line":387,"column":17}},"type":"cond-expr","locations":[{"start":{"line":364,"column":18},"end":{"line":377,"column":20}},{"start":{"line":379,"column":18},"end":{"line":386,"column":23}}],"line":363}},"s":{"0":1,"1":27,"2":27,"3":27,"4":27,"5":27,"6":27,"7":27,"8":27,"9":27,"10":27,"11":27,"12":27,"13":27,"14":7,"15":7,"16":7,"17":7,"18":6,"19":6,"20":6,"21":6,"22":0,"23":0,"24":6,"25":1,"26":1,"27":1,"28":7,"29":27,"30":6,"31":6,"32":6,"33":5,"34":0,"35":0,"36":5,"37":5,"38":5,"39":5,"40":5,"41":0,"42":0,"43":5,"44":6,"45":6,"46":5,"47":5,"48":5,"49":6,"50":6,"51":6,"52":6,"53":6,"54":6,"55":0,"56":5,"57":5,"58":5,"59":5,"60":5,"61":0,"62":5,"63":5,"64":5,"65":5,"66":4,"67":4,"68":5,"69":4,"70":4,"71":4,"72":5,"73":5,"74":1,"75":1,"76":27,"77":1,"78":1,"79":1,"80":0,"81":0,"82":0,"83":0,"84":0,"85":0,"86":0,"87":0,"88":0,"89":0,"90":0,"91":0,"92":0,"93":0,"94":0,"95":0,"96":0,"97":0,"98":0,"99":27,"100":1,"101":1,"102":1,"103":27,"104":27,"105":27,"106":9,"107":16,"108":27,"109":0,"110":0,"111":27,"112":0,"113":0,"114":27,"115":27,"116":7,"117":20,"118":0,"119":4,"120":0,"121":0,"122":11,"123":1,"124":16,"125":0,"126":0},"f":{"0":27,"1":7,"2":7,"3":6,"4":5,"5":6,"6":6,"7":4,"8":4,"9":1,"10":0,"11":1,"12":1,"13":27,"14":16,"15":0,"16":0,"17":0,"18":4,"19":0,"20":0,"21":11,"22":1,"23":16,"24":0,"25":0},"b":{"0":[6,0],"1":[0,5],"2":[0,5],"3":[0,6],"4":[6,0],"5":[6,0],"6":[6,0],"7":[6,0],"8":[0,5],"9":[5,0],"10":[5,5],"11":[0,4],"12":[4,4],"13":[0,4],"14":[4,0],"15":[0,4],"16":[1,0],"17":[1,1,0],"18":[0,0],"19":[0,0],"20":[9,18],"21":[0,27],"22":[0,27],"23":[7,20],"24":[20,2],"25":[7,13]},"_coverageSchema":"1a1c01bbd47fc00a2c39e90264f33305004495a9","hash":"ba2e59e3604f018550dc3304a12be7f12cdc89a1"}
,"D:\\FAST\\Semester 6\\SE\\Project 2\\Living-Plus\\frontend\\src\\components\\register-hostel.jsx": {"path":"D:\\FAST\\Semester 6\\SE\\Project 2\\Living-Plus\\frontend\\src\\components\\register-hostel.jsx","statementMap":{"0":{"start":{"line":11,"column":31},"end":{"line":83,"column":1}},"1":{"start":{"line":12,"column":38},"end":{"line":12,"column":65}},"2":{"start":{"line":13,"column":38},"end":{"line":13,"column":65}},"3":{"start":{"line":14,"column":34},"end":{"line":21,"column":4}},"4":{"start":{"line":23,"column":23},"end":{"line":29,"column":3}},"5":{"start":{"line":24,"column":28},"end":{"line":24,"column":36}},"6":{"start":{"line":25,"column":4},"end":{"line":28,"column":7}},"7":{"start":{"line":31,"column":23},"end":{"line":35,"column":3}},"8":{"start":{"line":32,"column":4},"end":{"line":32,"column":23}},"9":{"start":{"line":33,"column":4},"end":{"line":33,"column":45}},"10":{"start":{"line":37,"column":2},"end":{"line":82,"column":4}},"11":{"start":{"line":56,"column":16},"end":{"line":68,"column":22}}},"fnMap":{"0":{"name":"(anonymous_0)","decl":{"start":{"line":11,"column":31},"end":{"line":11,"column":32}},"loc":{"start":{"line":11,"column":37},"end":{"line":83,"column":1}},"line":11},"1":{"name":"(anonymous_1)","decl":{"start":{"line":23,"column":23},"end":{"line":23,"column":24}},"loc":{"start":{"line":23,"column":30},"end":{"line":29,"column":3}},"line":23},"2":{"name":"(anonymous_2)","decl":{"start":{"line":31,"column":23},"end":{"line":31,"column":24}},"loc":{"start":{"line":31,"column":30},"end":{"line":35,"column":3}},"line":31},"3":{"name":"(anonymous_3)","decl":{"start":{"line":55,"column":20},"end":{"line":55,"column":21}},"loc":{"start":{"line":56,"column":16},"end":{"line":68,"column":22}},"line":56}},"branchMap":{},"s":{"0":1,"1":14,"2":14,"3":14,"4":14,"5":10,"6":10,"7":14,"8":1,"9":1,"10":14,"11":70},"f":{"0":14,"1":10,"2":1,"3":70},"b":{},"_coverageSchema":"1a1c01bbd47fc00a2c39e90264f33305004495a9","hash":"cc4b7c6d5395b88c76f3a4945e5cd70a748e7d56"}
,"D:\\FAST\\Semester 6\\SE\\Project 2\\Living-Plus\\frontend\\src\\components\\renter-sidebar.jsx": {"path":"D:\\FAST\\Semester 6\\SE\\Project 2\\Living-Plus\\frontend\\src\\components\\renter-sidebar.jsx","statementMap":{"0":{"start":{"line":18,"column":22},"end":{"line":106,"column":1}},"1":{"start":{"line":19,"column":20},"end":{"line":75,"column":3}},"2":{"start":{"line":77,"column":26},"end":{"line":79,"column":3}},"3":{"start":{"line":78,"column":4},"end":{"line":78,"column":22}},"4":{"start":{"line":81,"column":2},"end":{"line":105,"column":4}},"5":{"start":{"line":86,"column":12},"end":{"line":100,"column":17}},"6":{"start":{"line":95,"column":31},"end":{"line":95,"column":55}}},"fnMap":{"0":{"name":"(anonymous_0)","decl":{"start":{"line":18,"column":22},"end":{"line":18,"column":23}},"loc":{"start":{"line":18,"column":57},"end":{"line":106,"column":1}},"line":18},"1":{"name":"(anonymous_1)","decl":{"start":{"line":77,"column":26},"end":{"line":77,"column":27}},"loc":{"start":{"line":77,"column":34},"end":{"line":79,"column":3}},"line":77},"2":{"name":"(anonymous_2)","decl":{"start":{"line":85,"column":25},"end":{"line":85,"column":26}},"loc":{"start":{"line":86,"column":12},"end":{"line":100,"column":17}},"line":86},"3":{"name":"(anonymous_3)","decl":{"start":{"line":95,"column":25},"end":{"line":95,"column":26}},"loc":{"start":{"line":95,"column":31},"end":{"line":95,"column":55}},"line":95}},"branchMap":{"0":{"loc":{"start":{"line":89,"column":16},"end":{"line":89,"column":54}},"type":"cond-expr","locations":[{"start":{"line":89,"column":41},"end":{"line":89,"column":49}},{"start":{"line":89,"column":52},"end":{"line":89,"column":54}}],"line":89}},"s":{"0":1,"1":5,"2":5,"3":2,"4":5,"5":50,"6":2},"f":{"0":5,"1":2,"2":50,"3":2},"b":{"0":[5,45]},"_coverageSchema":"1a1c01bbd47fc00a2c39e90264f33305004495a9","hash":"08d3379267b1d304d3ce27be8b92d9a6ff603ec3"}
,"D:\\FAST\\Semester 6\\SE\\Project 2\\Living-Plus\\frontend\\src\\components\\view-notifications.jsx": {"path":"D:\\FAST\\Semester 6\\SE\\Project 2\\Living-Plus\\frontend\\src\\components\\view-notifications.jsx","statementMap":{"0":{"start":{"line":11,"column":26},"end":{"line":195,"column":1}},"1":{"start":{"line":12,"column":44},"end":{"line":12,"column":56}},"2":{"start":{"line":13,"column":26},"end":{"line":13,"column":40}},"3":{"start":{"line":14,"column":32},"end":{"line":14,"column":46}},"4":{"start":{"line":15,"column":28},"end":{"line":15,"column":42}},"5":{"start":{"line":16,"column":38},"end":{"line":16,"column":50}},"6":{"start":{"line":17,"column":52},"end":{"line":17,"column":64}},"7":{"start":{"line":18,"column":44},"end":{"line":18,"column":60}},"8":{"start":{"line":19,"column":38},"end":{"line":19,"column":68}},"9":{"start":{"line":20,"column":38},"end":{"line":20,"column":62}},"10":{"start":{"line":22,"column":2},"end":{"line":93,"column":9}},"11":{"start":{"line":23,"column":22},"end":{"line":61,"column":5}},"12":{"start":{"line":24,"column":6},"end":{"line":60,"column":7}},"13":{"start":{"line":25,"column":8},"end":{"line":25,"column":25}},"14":{"start":{"line":26,"column":8},"end":{"line":26,"column":48}},"15":{"start":{"line":28,"column":25},"end":{"line":30,"column":10}},"16":{"start":{"line":32,"column":8},"end":{"line":32,"column":61}},"17":{"start":{"line":33,"column":8},"end":{"line":33,"column":31}},"18":{"start":{"line":35,"column":8},"end":{"line":53,"column":9}},"19":{"start":{"line":38,"column":12},"end":{"line":38,"column":64}},"20":{"start":{"line":40,"column":10},"end":{"line":49,"column":11}},"21":{"start":{"line":41,"column":12},"end":{"line":41,"column":80}},"22":{"start":{"line":42,"column":12},"end":{"line":42,"column":60}},"23":{"start":{"line":44,"column":12},"end":{"line":47,"column":14}},"24":{"start":{"line":48,"column":12},"end":{"line":48,"column":64}},"25":{"start":{"line":51,"column":10},"end":{"line":51,"column":67}},"26":{"start":{"line":52,"column":10},"end":{"line":52,"column":68}},"27":{"start":{"line":55,"column":8},"end":{"line":55,"column":26}},"28":{"start":{"line":57,"column":8},"end":{"line":57,"column":61}},"29":{"start":{"line":58,"column":8},"end":{"line":58,"column":66}},"30":{"start":{"line":59,"column":8},"end":{"line":59,"column":26}},"31":{"start":{"line":63,"column":38},"end":{"line":90,"column":5}},"32":{"start":{"line":64,"column":6},"end":{"line":89,"column":7}},"33":{"start":{"line":65,"column":8},"end":{"line":68,"column":10}},"34":{"start":{"line":70,"column":25},"end":{"line":76,"column":9}},"35":{"start":{"line":78,"column":8},"end":{"line":78,"column":62}},"36":{"start":{"line":79,"column":8},"end":{"line":79,"column":40}},"37":{"start":{"line":81,"column":8},"end":{"line":81,"column":67}},"38":{"start":{"line":82,"column":25},"end":{"line":86,"column":25}},"39":{"start":{"line":88,"column":8},"end":{"line":88,"column":67}},"40":{"start":{"line":92,"column":4},"end":{"line":92,"column":16}},"41":{"start":{"line":95,"column":21},"end":{"line":107,"column":3}},"42":{"start":{"line":96,"column":25},"end":{"line":96,"column":66}},"43":{"start":{"line":97,"column":4},"end":{"line":97,"column":35}},"44":{"start":{"line":99,"column":32},"end":{"line":104,"column":6}},"45":{"start":{"line":100,"column":20},"end":{"line":100,"column":36}},"46":{"start":{"line":101,"column":20},"end":{"line":101,"column":36}},"47":{"start":{"line":103,"column":6},"end":{"line":103,"column":68}},"48":{"start":{"line":106,"column":4},"end":{"line":106,"column":42}},"49":{"start":{"line":109,"column":32},"end":{"line":115,"column":4}},"50":{"start":{"line":110,"column":24},"end":{"line":110,"column":62}},"51":{"start":{"line":111,"column":31},"end":{"line":113,"column":48}},"52":{"start":{"line":114,"column":4},"end":{"line":114,"column":45}},"53":{"start":{"line":117,"column":2},"end":{"line":119,"column":3}},"54":{"start":{"line":118,"column":4},"end":{"line":118,"column":33}},"55":{"start":{"line":121,"column":2},"end":{"line":194,"column":4}},"56":{"start":{"line":147,"column":33},"end":{"line":147,"column":62}},"57":{"start":{"line":157,"column":33},"end":{"line":157,"column":69}},"58":{"start":{"line":171,"column":16},"end":{"line":179,"column":22}}},"fnMap":{"0":{"name":"(anonymous_0)","decl":{"start":{"line":11,"column":26},"end":{"line":11,"column":27}},"loc":{"start":{"line":11,"column":32},"end":{"line":195,"column":1}},"line":11},"1":{"name":"(anonymous_1)","decl":{"start":{"line":22,"column":12},"end":{"line":22,"column":13}},"loc":{"start":{"line":22,"column":18},"end":{"line":93,"column":3}},"line":22},"2":{"name":"(anonymous_2)","decl":{"start":{"line":23,"column":22},"end":{"line":23,"column":23}},"loc":{"start":{"line":23,"column":34},"end":{"line":61,"column":5}},"line":23},"3":{"name":"(anonymous_3)","decl":{"start":{"line":63,"column":38},"end":{"line":63,"column":39}},"loc":{"start":{"line":63,"column":52},"end":{"line":90,"column":5}},"line":63},"4":{"name":"(anonymous_4)","decl":{"start":{"line":95,"column":21},"end":{"line":95,"column":22}},"loc":{"start":{"line":95,"column":27},"end":{"line":107,"column":3}},"line":95},"5":{"name":"(anonymous_5)","decl":{"start":{"line":99,"column":56},"end":{"line":99,"column":57}},"loc":{"start":{"line":99,"column":66},"end":{"line":104,"column":5}},"line":99},"6":{"name":"(anonymous_6)","decl":{"start":{"line":109,"column":53},"end":{"line":109,"column":54}},"loc":{"start":{"line":109,"column":71},"end":{"line":115,"column":3}},"line":109},"7":{"name":"(anonymous_7)","decl":{"start":{"line":147,"column":26},"end":{"line":147,"column":27}},"loc":{"start":{"line":147,"column":33},"end":{"line":147,"column":62}},"line":147},"8":{"name":"(anonymous_8)","decl":{"start":{"line":157,"column":26},"end":{"line":157,"column":27}},"loc":{"start":{"line":157,"column":33},"end":{"line":157,"column":69}},"line":157},"9":{"name":"(anonymous_9)","decl":{"start":{"line":170,"column":40},"end":{"line":170,"column":41}},"loc":{"start":{"line":171,"column":16},"end":{"line":179,"column":22}},"line":171}},"branchMap":{"0":{"loc":{"start":{"line":35,"column":8},"end":{"line":53,"column":9}},"type":"if","locations":[{"start":{"line":35,"column":8},"end":{"line":53,"column":9}},{"start":{"line":50,"column":15},"end":{"line":53,"column":9}}],"line":35},"1":{"loc":{"start":{"line":35,"column":12},"end":{"line":35,"column":47}},"type":"binary-expr","locations":[{"start":{"line":35,"column":12},"end":{"line":35,"column":25}},{"start":{"line":35,"column":29},"end":{"line":35,"column":47}}],"line":35},"2":{"loc":{"start":{"line":38,"column":12},"end":{"line":38,"column":64}},"type":"binary-expr","locations":[{"start":{"line":38,"column":12},"end":{"line":38,"column":39}},{"start":{"line":38,"column":43},"end":{"line":38,"column":64}}],"line":38},"3":{"loc":{"start":{"line":40,"column":10},"end":{"line":49,"column":11}},"type":"if","locations":[{"start":{"line":40,"column":10},"end":{"line":49,"column":11}},{"start":{"line":43,"column":17},"end":{"line":49,"column":11}}],"line":40},"4":{"loc":{"start":{"line":82,"column":25},"end":{"line":86,"column":25}},"type":"cond-expr","locations":[{"start":{"line":83,"column":12},"end":{"line":85,"column":14}},{"start":{"line":86,"column":12},"end":{"line":86,"column":25}}],"line":82},"5":{"loc":{"start":{"line":84,"column":14},"end":{"line":84,"column":78}},"type":"binary-expr","locations":[{"start":{"line":84,"column":14},"end":{"line":84,"column":39}},{"start":{"line":84,"column":43},"end":{"line":84,"column":78}}],"line":84},"6":{"loc":{"start":{"line":96,"column":25},"end":{"line":96,"column":66}},"type":"cond-expr","locations":[{"start":{"line":96,"column":52},"end":{"line":96,"column":57}},{"start":{"line":96,"column":60},"end":{"line":96,"column":66}}],"line":96},"7":{"loc":{"start":{"line":103,"column":13},"end":{"line":103,"column":67}},"type":"cond-expr","locations":[{"start":{"line":103,"column":38},"end":{"line":103,"column":51}},{"start":{"line":103,"column":54},"end":{"line":103,"column":67}}],"line":103},"8":{"loc":{"start":{"line":114,"column":11},"end":{"line":114,"column":44}},"type":"binary-expr","locations":[{"start":{"line":114,"column":11},"end":{"line":114,"column":22}},{"start":{"line":114,"column":26},"end":{"line":114,"column":44}}],"line":114},"9":{"loc":{"start":{"line":117,"column":2},"end":{"line":119,"column":3}},"type":"if","locations":[{"start":{"line":117,"column":2},"end":{"line":119,"column":3}},{"start":{},"end":{}}],"line":117},"10":{"loc":{"start":{"line":132,"column":11},"end":{"line":139,"column":11}},"type":"binary-expr","locations":[{"start":{"line":132,"column":11},"end":{"line":132,"column":16}},{"start":{"line":133,"column":12},"end":{"line":138,"column":18}}],"line":132},"11":{"loc":{"start":{"line":169,"column":13},"end":{"line":187,"column":13}},"type":"cond-expr","locations":[{"start":{"line":170,"column":14},"end":{"line":180,"column":16}},{"start":{"line":182,"column":14},"end":{"line":186,"column":20}}],"line":169},"12":{"loc":{"start":{"line":172,"column":23},"end":{"line":172,"column":58}},"type":"binary-expr","locations":[{"start":{"line":172,"column":23},"end":{"line":172,"column":39}},{"start":{"line":172,"column":43},"end":{"line":172,"column":58}}],"line":172},"13":{"loc":{"start":{"line":183,"column":17},"end":{"line":185,"column":44}},"type":"cond-expr","locations":[{"start":{"line":184,"column":20},"end":{"line":184,"column":49}},{"start":{"line":185,"column":20},"end":{"line":185,"column":44}}],"line":183}},"s":{"0":1,"1":17,"2":17,"3":17,"4":17,"5":17,"6":17,"7":17,"8":17,"9":17,"10":17,"11":7,"12":7,"13":7,"14":7,"15":7,"16":5,"17":5,"18":5,"19":5,"20":5,"21":5,"22":5,"23":0,"24":0,"25":0,"26":0,"27":5,"28":1,"29":1,"30":1,"31":7,"32":5,"33":5,"34":5,"35":4,"36":4,"37":1,"38":1,"39":1,"40":7,"41":17,"42":2,"43":2,"44":2,"45":2,"46":2,"47":2,"48":2,"49":17,"50":14,"51":14,"52":14,"53":17,"54":7,"55":10,"56":1,"57":1,"58":12},"f":{"0":17,"1":7,"2":7,"3":5,"4":2,"5":2,"6":14,"7":1,"8":1,"9":12},"b":{"0":[5,0],"1":[5,5],"2":[5,0],"3":[5,0],"4":[0,1],"5":[0,0],"6":[1,1],"7":[1,1],"8":[14,12],"9":[7,10],"10":[10,2],"11":[7,3],"12":[12,12],"13":[2,1]},"_coverageSchema":"1a1c01bbd47fc00a2c39e90264f33305004495a9","hash":"47ff325e537a448b9a4fc93307a05f1b967b463b"}
,"D:\\FAST\\Semester 6\\SE\\Project 2\\Living-Plus\\frontend\\src\\components\\view-ratings.jsx": {"path":"D:\\FAST\\Semester 6\\SE\\Project 2\\Living-Plus\\frontend\\src\\components\\view-ratings.jsx","statementMap":{"0":{"start":{"line":9,"column":20},"end":{"line":174,"column":1}},"1":{"start":{"line":10,"column":38},"end":{"line":10,"column":50}},"2":{"start":{"line":11,"column":34},"end":{"line":11,"column":46}},"3":{"start":{"line":12,"column":26},"end":{"line":12,"column":40}},"4":{"start":{"line":13,"column":32},"end":{"line":13,"column":46}},"5":{"start":{"line":14,"column":36},"end":{"line":14,"column":59}},"6":{"start":{"line":15,"column":38},"end":{"line":15,"column":62}},"7":{"start":{"line":16,"column":38},"end":{"line":16,"column":62}},"8":{"start":{"line":17,"column":2},"end":{"line":38,"column":9}},"9":{"start":{"line":18,"column":22},"end":{"line":35,"column":5}},"10":{"start":{"line":19,"column":6},"end":{"line":34,"column":7}},"11":{"start":{"line":20,"column":8},"end":{"line":20,"column":25}},"12":{"start":{"line":21,"column":25},"end":{"line":23,"column":10}},"13":{"start":{"line":25,"column":8},"end":{"line":25,"column":31}},"14":{"start":{"line":26,"column":8},"end":{"line":26,"column":26}},"15":{"start":{"line":28,"column":8},"end":{"line":30,"column":9}},"16":{"start":{"line":29,"column":10},"end":{"line":29,"column":58}},"17":{"start":{"line":32,"column":8},"end":{"line":32,"column":61}},"18":{"start":{"line":33,"column":8},"end":{"line":33,"column":26}},"19":{"start":{"line":37,"column":4},"end":{"line":37,"column":16}},"20":{"start":{"line":40,"column":30},"end":{"line":52,"column":3}},"21":{"start":{"line":41,"column":4},"end":{"line":51,"column":5}},"22":{"start":{"line":42,"column":23},"end":{"line":45,"column":7}},"23":{"start":{"line":47,"column":6},"end":{"line":47,"column":35}},"24":{"start":{"line":48,"column":6},"end":{"line":48,"column":45}},"25":{"start":{"line":50,"column":6},"end":{"line":50,"column":54}},"26":{"start":{"line":54,"column":34},"end":{"line":68,"column":3}},"27":{"start":{"line":55,"column":4},"end":{"line":67,"column":5}},"28":{"start":{"line":56,"column":27},"end":{"line":56,"column":29}},"29":{"start":{"line":57,"column":6},"end":{"line":63,"column":7}},"30":{"start":{"line":58,"column":25},"end":{"line":61,"column":9}},"31":{"start":{"line":62,"column":8},"end":{"line":62,"column":49}},"32":{"start":{"line":64,"column":6},"end":{"line":64,"column":32}},"33":{"start":{"line":66,"column":6},"end":{"line":66,"column":55}},"34":{"start":{"line":70,"column":33},"end":{"line":78,"column":3}},"35":{"start":{"line":71,"column":4},"end":{"line":71,"column":73}},"36":{"start":{"line":71,"column":64},"end":{"line":71,"column":73}},"37":{"start":{"line":73,"column":24},"end":{"line":76,"column":5}},"38":{"start":{"line":74,"column":19},"end":{"line":74,"column":41}},"39":{"start":{"line":77,"column":4},"end":{"line":77,"column":51}},"40":{"start":{"line":80,"column":22},"end":{"line":96,"column":3}},"41":{"start":{"line":81,"column":18},"end":{"line":81,"column":20}},"42":{"start":{"line":82,"column":22},"end":{"line":82,"column":40}},"43":{"start":{"line":83,"column":24},"end":{"line":83,"column":41}},"44":{"start":{"line":85,"column":4},"end":{"line":93,"column":5}},"45":{"start":{"line":85,"column":17},"end":{"line":85,"column":18}},"46":{"start":{"line":86,"column":6},"end":{"line":92,"column":7}},"47":{"start":{"line":87,"column":8},"end":{"line":87,"column":71}},"48":{"start":{"line":88,"column":13},"end":{"line":92,"column":7}},"49":{"start":{"line":89,"column":8},"end":{"line":89,"column":76}},"50":{"start":{"line":91,"column":8},"end":{"line":91,"column":64}},"51":{"start":{"line":95,"column":4},"end":{"line":95,"column":17}},"52":{"start":{"line":98,"column":27},"end":{"line":102,"column":4}},"53":{"start":{"line":99,"column":20},"end":{"line":99,"column":49}},"54":{"start":{"line":100,"column":20},"end":{"line":100,"column":49}},"55":{"start":{"line":101,"column":4},"end":{"line":101,"column":79}},"56":{"start":{"line":104,"column":2},"end":{"line":173,"column":4}},"57":{"start":{"line":114,"column":14},"end":{"line":116,"column":15}},"58":{"start":{"line":128,"column":34},"end":{"line":128,"column":70}},"59":{"start":{"line":130,"column":16},"end":{"line":163,"column":18}},"60":{"start":{"line":154,"column":26},"end":{"line":156,"column":32}}},"fnMap":{"0":{"name":"(anonymous_0)","decl":{"start":{"line":9,"column":20},"end":{"line":9,"column":21}},"loc":{"start":{"line":9,"column":26},"end":{"line":174,"column":1}},"line":9},"1":{"name":"(anonymous_1)","decl":{"start":{"line":17,"column":12},"end":{"line":17,"column":13}},"loc":{"start":{"line":17,"column":18},"end":{"line":38,"column":3}},"line":17},"2":{"name":"(anonymous_2)","decl":{"start":{"line":18,"column":22},"end":{"line":18,"column":23}},"loc":{"start":{"line":18,"column":34},"end":{"line":35,"column":5}},"line":18},"3":{"name":"(anonymous_3)","decl":{"start":{"line":40,"column":30},"end":{"line":40,"column":31}},"loc":{"start":{"line":40,"column":49},"end":{"line":52,"column":3}},"line":40},"4":{"name":"(anonymous_4)","decl":{"start":{"line":54,"column":34},"end":{"line":54,"column":35}},"loc":{"start":{"line":54,"column":53},"end":{"line":68,"column":3}},"line":54},"5":{"name":"(anonymous_5)","decl":{"start":{"line":70,"column":33},"end":{"line":70,"column":34}},"loc":{"start":{"line":70,"column":47},"end":{"line":78,"column":3}},"line":70},"6":{"name":"(anonymous_6)","decl":{"start":{"line":74,"column":6},"end":{"line":74,"column":7}},"loc":{"start":{"line":74,"column":19},"end":{"line":74,"column":41}},"line":74},"7":{"name":"(anonymous_7)","decl":{"start":{"line":80,"column":22},"end":{"line":80,"column":23}},"loc":{"start":{"line":80,"column":34},"end":{"line":96,"column":3}},"line":80},"8":{"name":"(anonymous_8)","decl":{"start":{"line":98,"column":48},"end":{"line":98,"column":49}},"loc":{"start":{"line":98,"column":58},"end":{"line":102,"column":3}},"line":98},"9":{"name":"(anonymous_9)","decl":{"start":{"line":113,"column":21},"end":{"line":113,"column":22}},"loc":{"start":{"line":114,"column":14},"end":{"line":116,"column":15}},"line":114},"10":{"name":"(anonymous_10)","decl":{"start":{"line":127,"column":35},"end":{"line":127,"column":36}},"loc":{"start":{"line":127,"column":49},"end":{"line":164,"column":15}},"line":127},"11":{"name":"(anonymous_11)","decl":{"start":{"line":153,"column":51},"end":{"line":153,"column":52}},"loc":{"start":{"line":154,"column":26},"end":{"line":156,"column":32}},"line":154}},"branchMap":{"0":{"loc":{"start":{"line":28,"column":8},"end":{"line":30,"column":9}},"type":"if","locations":[{"start":{"line":28,"column":8},"end":{"line":30,"column":9}},{"start":{},"end":{}}],"line":28},"1":{"loc":{"start":{"line":71,"column":4},"end":{"line":71,"column":73}},"type":"if","locations":[{"start":{"line":71,"column":4},"end":{"line":71,"column":73}},{"start":{},"end":{}}],"line":71},"2":{"loc":{"start":{"line":71,"column":8},"end":{"line":71,"column":62}},"type":"binary-expr","locations":[{"start":{"line":71,"column":8},"end":{"line":71,"column":27}},{"start":{"line":71,"column":31},"end":{"line":71,"column":62}}],"line":71},"3":{"loc":{"start":{"line":74,"column":26},"end":{"line":74,"column":40}},"type":"binary-expr","locations":[{"start":{"line":74,"column":26},"end":{"line":74,"column":35}},{"start":{"line":74,"column":39},"end":{"line":74,"column":40}}],"line":74},"4":{"loc":{"start":{"line":86,"column":6},"end":{"line":92,"column":7}},"type":"if","locations":[{"start":{"line":86,"column":6},"end":{"line":92,"column":7}},{"start":{"line":88,"column":13},"end":{"line":92,"column":7}}],"line":86},"5":{"loc":{"start":{"line":88,"column":13},"end":{"line":92,"column":7}},"type":"if","locations":[{"start":{"line":88,"column":13},"end":{"line":92,"column":7}},{"start":{"line":90,"column":13},"end":{"line":92,"column":7}}],"line":88},"6":{"loc":{"start":{"line":88,"column":17},"end":{"line":88,"column":47}},"type":"binary-expr","locations":[{"start":{"line":88,"column":17},"end":{"line":88,"column":32}},{"start":{"line":88,"column":36},"end":{"line":88,"column":47}}],"line":88},"7":{"loc":{"start":{"line":101,"column":11},"end":{"line":101,"column":78}},"type":"cond-expr","locations":[{"start":{"line":101,"column":41},"end":{"line":101,"column":58}},{"start":{"line":101,"column":61},"end":{"line":101,"column":78}}],"line":101},"8":{"loc":{"start":{"line":115,"column":16},"end":{"line":115,"column":75}},"type":"cond-expr","locations":[{"start":{"line":115,"column":46},"end":{"line":115,"column":59}},{"start":{"line":115,"column":62},"end":{"line":115,"column":75}}],"line":115},"9":{"loc":{"start":{"line":120,"column":13},"end":{"line":120,"column":76}},"type":"cond-expr","locations":[{"start":{"line":120,"column":43},"end":{"line":120,"column":58}},{"start":{"line":120,"column":61},"end":{"line":120,"column":76}}],"line":120},"10":{"loc":{"start":{"line":126,"column":13},"end":{"line":167,"column":13}},"type":"cond-expr","locations":[{"start":{"line":127,"column":14},"end":{"line":164,"column":16}},{"start":{"line":166,"column":14},"end":{"line":166,"column":66}}],"line":126},"11":{"loc":{"start":{"line":151,"column":23},"end":{"line":160,"column":23}},"type":"cond-expr","locations":[{"start":{"line":153,"column":24},"end":{"line":157,"column":26}},{"start":{"line":159,"column":24},"end":{"line":159,"column":76}}],"line":151},"12":{"loc":{"start":{"line":151,"column":23},"end":{"line":152,"column":55}},"type":"binary-expr","locations":[{"start":{"line":151,"column":23},"end":{"line":151,"column":45}},{"start":{"line":152,"column":22},"end":{"line":152,"column":55}}],"line":151}},"s":{"0":1,"1":11,"2":11,"3":11,"4":11,"5":11,"6":11,"7":11,"8":11,"9":5,"10":5,"11":5,"12":5,"13":5,"14":5,"15":5,"16":5,"17":0,"18":0,"19":5,"20":11,"21":5,"22":5,"23":5,"24":5,"25":0,"26":11,"27":5,"28":5,"29":5,"30":8,"31":8,"32":5,"33":0,"34":11,"35":24,"36":0,"37":24,"38":24,"39":24,"40":11,"41":12,"42":12,"43":12,"44":12,"45":12,"46":60,"47":54,"48":6,"49":0,"50":6,"51":12,"52":11,"53":6,"54":6,"55":6,"56":11,"57":2,"58":12,"59":12,"60":12},"f":{"0":11,"1":5,"2":5,"3":5,"4":5,"5":24,"6":24,"7":12,"8":6,"9":2,"10":12,"11":12},"b":{"0":[5,0],"1":[0,24],"2":[24,24],"3":[24,0],"4":[54,6],"5":[0,6],"6":[6,6],"7":[5,1],"8":[1,1],"9":[10,1],"10":[6,5],"11":[12,0],"12":[12,12]},"_coverageSchema":"1a1c01bbd47fc00a2c39e90264f33305004495a9","hash":"f9c7bd54ae827dca0092b08d6681abdadc7c8cbb"}
}
