{"D:\\FAST\\Semester 6\\SE\\Project 2\\Living-Plus\\frontend\\src\\components\\Login.jsx": {"path":"D:\\FAST\\Semester 6\\SE\\Project 2\\Living-Plus\\frontend\\src\\components\\Login.jsx","statementMap":{"0":{"start":{"line":5,"column":18},"end":{"line":105,"column":1}},"1":{"start":{"line":6,"column":28},"end":{"line":6,"column":40}},"2":{"start":{"line":7,"column":34},"end":{"line":7,"column":46}},"3":{"start":{"line":8,"column":19},"end":{"line":8,"column":32}},"4":{"start":{"line":10,"column":23},"end":{"line":37,"column":3}},"5":{"start":{"line":11,"column":4},"end":{"line":11,"column":23}},"6":{"start":{"line":13,"column":4},"end":{"line":13,"column":60}},"7":{"start":{"line":15,"column":4},"end":{"line":36,"column":5}},"8":{"start":{"line":16,"column":23},"end":{"line":21,"column":8}},"9":{"start":{"line":23,"column":19},"end":{"line":23,"column":40}},"10":{"start":{"line":25,"column":6},"end":{"line":32,"column":7}},"11":{"start":{"line":26,"column":8},"end":{"line":26,"column":35}},"12":{"start":{"line":27,"column":8},"end":{"line":27,"column":31}},"13":{"start":{"line":28,"column":8},"end":{"line":28,"column":57}},"14":{"start":{"line":29,"column":8},"end":{"line":29,"column":33}},"15":{"start":{"line":31,"column":8},"end":{"line":31,"column":59}},"16":{"start":{"line":34,"column":6},"end":{"line":34,"column":43}},"17":{"start":{"line":35,"column":6},"end":{"line":35,"column":55}},"18":{"start":{"line":39,"column":22},"end":{"line":41,"column":3}},"19":{"start":{"line":40,"column":4},"end":{"line":40,"column":18}},"20":{"start":{"line":43,"column":2},"end":{"line":104,"column":4}},"21":{"start":{"line":79,"column":31},"end":{"line":79,"column":55}},"22":{"start":{"line":89,"column":31},"end":{"line":89,"column":58}}},"fnMap":{"0":{"name":"(anonymous_0)","decl":{"start":{"line":5,"column":18},"end":{"line":5,"column":19}},"loc":{"start":{"line":5,"column":24},"end":{"line":105,"column":1}},"line":5},"1":{"name":"(anonymous_1)","decl":{"start":{"line":10,"column":23},"end":{"line":10,"column":24}},"loc":{"start":{"line":10,"column":36},"end":{"line":37,"column":3}},"line":10},"2":{"name":"(anonymous_2)","decl":{"start":{"line":39,"column":22},"end":{"line":39,"column":23}},"loc":{"start":{"line":39,"column":28},"end":{"line":41,"column":3}},"line":39},"3":{"name":"(anonymous_3)","decl":{"start":{"line":79,"column":24},"end":{"line":79,"column":25}},"loc":{"start":{"line":79,"column":31},"end":{"line":79,"column":55}},"line":79},"4":{"name":"(anonymous_4)","decl":{"start":{"line":89,"column":24},"end":{"line":89,"column":25}},"loc":{"start":{"line":89,"column":31},"end":{"line":89,"column":58}},"line":89}},"branchMap":{"0":{"loc":{"start":{"line":25,"column":6},"end":{"line":32,"column":7}},"type":"if","locations":[{"start":{"line":25,"column":6},"end":{"line":32,"column":7}},{"start":{"line":30,"column":13},"end":{"line":32,"column":7}}],"line":25},"1":{"loc":{"start":{"line":31,"column":14},"end":{"line":31,"column":57}},"type":"binary-expr","locations":[{"start":{"line":31,"column":14},"end":{"line":31,"column":26}},{"start":{"line":31,"column":30},"end":{"line":31,"column":57}}],"line":31}},"s":{"0":1,"1":114,"2":114,"3":114,"4":114,"5":3,"6":3,"7":3,"8":3,"9":2,"10":2,"11":1,"12":1,"13":1,"14":1,"15":1,"16":1,"17":1,"18":114,"19":1,"20":114,"21":65,"22":42},"f":{"0":114,"1":3,"2":1,"3":65,"4":42},"b":{"0":[1,1],"1":[1,0]},"_coverageSchema":"1a1c01bbd47fc00a2c39e90264f33305004495a9","hash":"a35a60ac2cace3326e4c5808c2e684708551753e"}
}
