TN:
SF:src\components\Footer.jsx
FN:3,(anonymous_0)
FNF:1
FNH:1
FNDA:37,(anonymous_0)
DA:3,3
DA:4,37
LF:2
LH:2
BRF:0
BRH:0
end_of_record
TN:
SF:src\components\Header.jsx
FN:6,(anonymous_0)
FN:9,(anonymous_1)
FNF:2
FNH:2
FNDA:37,(anonymous_0)
FNDA:37,(anonymous_1)
DA:6,3
DA:7,37
DA:9,37
DA:10,37
DA:13,37
LF:5
LH:5
BRDA:10,0,0,0
BRDA:10,0,1,37
BRDA:10,1,0,37
BRDA:10,1,1,0
BRF:4
BRH:2
end_of_record
TN:
SF:src\components\HomePage.jsx
FN:4,(anonymous_0)
FN:71,(anonymous_1)
FN:77,(anonymous_2)
FN:83,(anonymous_3)
FNF:4
FNH:4
FNDA:9,(anonymous_0)
FNDA:1,(anonymous_1)
FNDA:1,(anonymous_2)
FNDA:1,(anonymous_3)
DA:4,1
DA:6,9
DA:8,9
DA:71,1
DA:77,1
DA:83,1
LF:6
LH:6
BRDA:70,0,0,7
BRDA:70,0,1,2
BRDA:76,1,0,1
BRDA:76,1,1,8
BRDA:82,2,0,1
BRDA:82,2,1,8
BRDA:89,3,0,9
BRDA:89,3,1,7
BRDA:96,4,0,9
BRDA:96,4,1,1
BRDA:102,5,0,9
BRDA:102,5,1,1
BRF:12
BRH:12
end_of_record
TN:
SF:src\components\Login.jsx
FN:5,(anonymous_0)
FN:10,(anonymous_1)
FN:39,(anonymous_2)
FN:79,(anonymous_3)
FN:89,(anonymous_4)
FNF:5
FNH:5
FNDA:114,(anonymous_0)
FNDA:3,(anonymous_1)
FNDA:1,(anonymous_2)
FNDA:65,(anonymous_3)
FNDA:42,(anonymous_4)
DA:5,1
DA:6,114
DA:7,114
DA:8,114
DA:10,114
DA:11,3
DA:13,3
DA:15,3
DA:16,3
DA:23,2
DA:25,2
DA:26,1
DA:27,1
DA:28,1
DA:29,1
DA:31,1
DA:34,1
DA:35,1
DA:39,114
DA:40,1
DA:43,114
DA:79,65
DA:89,42
LF:23
LH:23
BRDA:25,0,0,1
BRDA:25,0,1,1
BRDA:31,1,0,1
BRDA:31,1,1,0
BRF:4
BRH:3
end_of_record
TN:
SF:src\components\Sidebar.jsx
FN:13,(anonymous_0)
FN:55,(anonymous_1)
FN:63,(anonymous_2)
FN:73,(anonymous_3)
FNF:4
FNH:2
FNDA:3,(anonymous_0)
FNDA:0,(anonymous_1)
FNDA:18,(anonymous_2)
FNDA:0,(anonymous_3)
DA:13,1
DA:14,3
DA:16,3
DA:55,3
DA:56,0
DA:59,3
DA:64,18
DA:73,0
LF:8
LH:6
BRDA:67,0,0,3
BRDA:67,0,1,15
BRF:2
BRH:2
end_of_record
TN:
SF:src\components\SignUp.jsx
FN:6,SignUp
FN:25,(anonymous_1)
FN:27,(anonymous_2)
FN:33,(anonymous_3)
FN:37,(anonymous_4)
FNF:5
FNH:4
FNDA:280,SignUp
FNDA:273,(anonymous_1)
FNDA:273,(anonymous_2)
FNDA:1,(anonymous_3)
FNDA:0,(anonymous_4)
DA:7,280
DA:8,280
DA:19,280
DA:20,280
DA:21,280
DA:22,280
DA:25,280
DA:26,273
DA:27,273
DA:33,280
DA:34,1
DA:37,280
DA:38,0
DA:39,0
DA:40,0
DA:42,0
DA:43,0
DA:44,0
DA:47,0
DA:48,0
DA:54,0
DA:55,0
DA:56,0
DA:67,0
DA:71,280
LF:25
LH:13
BRDA:42,0,0,0
BRDA:42,0,1,0
BRDA:67,1,0,0
BRDA:67,1,1,0
BRDA:84,2,0,280
BRDA:84,2,1,0
BRDA:85,3,0,280
BRDA:85,3,1,0
BRDA:157,4,0,0
BRDA:157,4,1,280
BRDA:168,5,0,0
BRDA:168,5,1,280
BRF:12
BRH:4
end_of_record
TN:
SF:src\components\dashboard.jsx
FN:8,(anonymous_0)
FN:17,(anonymous_1)
FN:39,(anonymous_2)
FN:40,(anonymous_3)
FN:65,(anonymous_4)
FN:119,(anonymous_5)
FN:147,(anonymous_6)
FNF:7
FNH:7
FNDA:9,(anonymous_0)
FNDA:3,(anonymous_1)
FNDA:5,(anonymous_2)
FNDA:5,(anonymous_3)
FNDA:3,(anonymous_4)
FNDA:2,(anonymous_5)
FNDA:2,(anonymous_6)
DA:8,1
DA:9,9
DA:10,9
DA:11,9
DA:12,9
DA:13,9
DA:14,9
DA:15,9
DA:17,9
DA:18,3
DA:19,3
DA:20,3
DA:21,3
DA:22,3
DA:27,3
DA:28,3
DA:29,3
DA:30,3
DA:32,0
DA:33,0
DA:35,3
DA:39,9
DA:40,5
DA:41,5
DA:42,5
DA:43,5
DA:47,3
DA:48,3
DA:50,3
DA:51,3
DA:53,0
DA:56,2
DA:57,2
DA:58,2
DA:62,5
DA:65,9
DA:66,3
DA:67,3
DA:68,3
DA:69,3
DA:70,3
DA:71,3
DA:72,1
DA:74,3
DA:77,9
DA:78,4
DA:80,3
DA:120,2
DA:148,2
LF:49
LH:46
BRDA:50,0,0,3
BRDA:50,0,1,0
BRDA:50,1,0,3
BRDA:50,1,1,0
BRDA:66,2,0,0
BRDA:66,2,1,3
BRDA:71,3,0,1
BRDA:71,3,1,2
BRDA:71,4,0,3
BRDA:71,4,1,2
BRDA:71,4,2,2
BRDA:77,5,0,5
BRDA:77,5,1,4
BRDA:78,6,0,1
BRDA:78,6,1,3
BRDA:88,7,0,3
BRDA:88,7,1,3
BRDA:106,8,0,1
BRDA:106,8,1,2
BRDA:134,9,0,1
BRDA:134,9,1,2
BRF:21
BRH:18
end_of_record
TN:
SF:src\components\owner-sidebar.jsx
FN:19,(anonymous_0)
FN:84,(anonymous_1)
FN:92,(anonymous_2)
FN:102,(anonymous_3)
FNF:4
FNH:4
FNDA:38,(anonymous_0)
FNDA:1,(anonymous_1)
FNDA:418,(anonymous_2)
FNDA:1,(anonymous_3)
DA:19,3
DA:20,38
DA:84,38
DA:85,1
DA:88,38
DA:93,418
DA:102,1
LF:7
LH:7
BRDA:96,0,0,18
BRDA:96,0,1,400
BRF:2
BRH:2
end_of_record
TN:
SF:src\components\paymentOwner.jsx
FN:11,(anonymous_0)
FN:27,(anonymous_1)
FN:28,(anonymous_2)
FN:61,(anonymous_3)
FN:78,(anonymous_4)
FN:92,(anonymous_5)
FN:104,(anonymous_6)
FN:153,(anonymous_7)
FN:162,(anonymous_8)
FN:189,(anonymous_9)
FN:197,(anonymous_10)
FN:245,(anonymous_11)
FN:246,(anonymous_12)
FN:252,(anonymous_13)
FN:256,(anonymous_14)
FN:262,(anonymous_15)
FN:268,(anonymous_16)
FN:303,(anonymous_17)
FN:316,(anonymous_18)
FN:326,(anonymous_19)
FN:336,(anonymous_20)
FN:364,(anonymous_21)
FN:397,(anonymous_22)
FN:400,(anonymous_23)
FN:413,(anonymous_24)
FN:422,(anonymous_25)
FNF:26
FNH:18
FNDA:27,(anonymous_0)
FNDA:7,(anonymous_1)
FNDA:7,(anonymous_2)
FNDA:6,(anonymous_3)
FNDA:5,(anonymous_4)
FNDA:6,(anonymous_5)
FNDA:6,(anonymous_6)
FNDA:4,(anonymous_7)
FNDA:4,(anonymous_8)
FNDA:1,(anonymous_9)
FNDA:0,(anonymous_10)
FNDA:1,(anonymous_11)
FNDA:1,(anonymous_12)
FNDA:27,(anonymous_13)
FNDA:16,(anonymous_14)
FNDA:0,(anonymous_15)
FNDA:0,(anonymous_16)
FNDA:0,(anonymous_17)
FNDA:4,(anonymous_18)
FNDA:0,(anonymous_19)
FNDA:0,(anonymous_20)
FNDA:11,(anonymous_21)
FNDA:1,(anonymous_22)
FNDA:16,(anonymous_23)
FNDA:0,(anonymous_24)
FNDA:0,(anonymous_25)
DA:11,1
DA:12,27
DA:13,27
DA:14,27
DA:15,27
DA:16,27
DA:17,27
DA:18,27
DA:19,27
DA:20,27
DA:21,27
DA:22,27
DA:25,27
DA:27,27
DA:28,7
DA:29,7
DA:30,7
DA:31,7
DA:34,6
DA:36,6
DA:39,6
DA:40,6
DA:42,0
DA:43,0
DA:48,6
DA:50,1
DA:51,1
DA:54,1
DA:58,7
DA:61,27
DA:62,6
DA:63,6
DA:66,6
DA:73,5
DA:74,0
DA:75,0
DA:78,5
DA:79,5
DA:82,5
DA:86,5
DA:87,0
DA:88,0
DA:92,5
DA:95,6
DA:96,6
DA:99,5
DA:102,5
DA:104,5
DA:105,6
DA:107,6
DA:108,6
DA:110,6
DA:111,6
DA:113,6
DA:123,0
DA:132,5
DA:133,5
DA:136,5
DA:140,5
DA:141,5
DA:142,0
DA:143,5
DA:147,5
DA:151,5
DA:153,5
DA:155,4
DA:158,4
DA:162,5
DA:164,4
DA:167,4
DA:169,4
DA:179,5
DA:180,5
DA:182,1
DA:183,1
DA:189,27
DA:190,1
DA:191,1
DA:192,1
DA:195,0
DA:197,0
DA:199,0
DA:200,0
DA:201,0
DA:205,0
DA:214,0
DA:218,0
DA:223,0
DA:224,0
DA:228,0
DA:231,0
DA:232,0
DA:236,0
DA:237,0
DA:238,0
DA:240,0
DA:241,0
DA:245,27
DA:246,1
DA:247,1
DA:249,1
DA:252,27
DA:253,27
DA:255,27
DA:256,9
DA:257,16
DA:261,27
DA:262,0
DA:263,0
DA:267,27
DA:268,0
DA:269,0
DA:273,27
DA:276,27
DA:277,7
DA:280,20
DA:303,0
DA:316,4
DA:326,0
DA:336,0
DA:365,11
DA:397,1
DA:401,16
DA:413,0
DA:422,0
LF:125
LH:90
BRDA:39,0,0,6
BRDA:39,0,1,0
BRDA:73,1,0,0
BRDA:73,1,1,5
BRDA:86,2,0,0
BRDA:86,2,1,5
BRDA:95,3,0,0
BRDA:95,3,1,6
BRDA:105,4,0,6
BRDA:105,4,1,0
BRDA:108,5,0,6
BRDA:108,5,1,0
BRDA:110,6,0,6
BRDA:110,6,1,0
BRDA:111,7,0,6
BRDA:111,7,1,0
BRDA:141,8,0,0
BRDA:141,8,1,5
BRDA:143,9,0,5
BRDA:143,9,1,0
BRDA:144,10,0,5
BRDA:144,10,1,5
BRDA:155,11,0,0
BRDA:155,11,1,4
BRDA:158,12,0,4
BRDA:158,12,1,4
BRDA:164,13,0,0
BRDA:164,13,1,4
BRDA:171,14,0,4
BRDA:171,14,1,0
BRDA:174,15,0,0
BRDA:174,15,1,4
BRDA:190,16,0,1
BRDA:190,16,1,0
BRDA:190,17,0,1
BRDA:190,17,1,1
BRDA:190,17,2,0
BRDA:199,18,0,0
BRDA:199,18,1,0
BRDA:231,19,0,0
BRDA:231,19,1,0
BRDA:255,20,0,9
BRDA:255,20,1,18
BRDA:261,21,0,0
BRDA:261,21,1,27
BRDA:267,22,0,0
BRDA:267,22,1,27
BRDA:276,23,0,7
BRDA:276,23,1,20
BRDA:290,24,0,20
BRDA:290,24,1,2
BRDA:363,25,0,7
BRDA:363,25,1,13
BRF:53
BRH:31
end_of_record
TN:
SF:src\components\register-hostel.jsx
FN:11,(anonymous_0)
FN:23,(anonymous_1)
FN:31,(anonymous_2)
FN:55,(anonymous_3)
FNF:4
FNH:4
FNDA:14,(anonymous_0)
FNDA:10,(anonymous_1)
FNDA:1,(anonymous_2)
FNDA:70,(anonymous_3)
DA:11,1
DA:12,14
DA:13,14
DA:14,14
DA:23,14
DA:24,10
DA:25,10
DA:31,14
DA:32,1
DA:33,1
DA:37,14
DA:56,70
LF:12
LH:12
BRF:0
BRH:0
end_of_record
TN:
SF:src\components\renter-sidebar.jsx
FN:18,(anonymous_0)
FN:77,(anonymous_1)
FN:85,(anonymous_2)
FN:95,(anonymous_3)
FNF:4
FNH:4
FNDA:5,(anonymous_0)
FNDA:2,(anonymous_1)
FNDA:50,(anonymous_2)
FNDA:2,(anonymous_3)
DA:18,1
DA:19,5
DA:77,5
DA:78,2
DA:81,5
DA:86,50
DA:95,2
LF:7
LH:7
BRDA:89,0,0,5
BRDA:89,0,1,45
BRF:2
BRH:2
end_of_record
TN:
SF:src\components\view-notifications.jsx
FN:11,(anonymous_0)
FN:22,(anonymous_1)
FN:23,(anonymous_2)
FN:63,(anonymous_3)
FN:95,(anonymous_4)
FN:99,(anonymous_5)
FN:109,(anonymous_6)
FN:147,(anonymous_7)
FN:157,(anonymous_8)
FN:170,(anonymous_9)
FNF:10
FNH:10
FNDA:17,(anonymous_0)
FNDA:7,(anonymous_1)
FNDA:7,(anonymous_2)
FNDA:5,(anonymous_3)
FNDA:2,(anonymous_4)
FNDA:2,(anonymous_5)
FNDA:14,(anonymous_6)
FNDA:1,(anonymous_7)
FNDA:1,(anonymous_8)
FNDA:12,(anonymous_9)
DA:11,1
DA:12,17
DA:13,17
DA:14,17
DA:15,17
DA:16,17
DA:17,17
DA:18,17
DA:19,17
DA:20,17
DA:22,17
DA:23,7
DA:24,7
DA:25,7
DA:26,7
DA:28,7
DA:32,5
DA:33,5
DA:35,5
DA:38,5
DA:40,5
DA:41,5
DA:42,5
DA:44,0
DA:48,0
DA:51,0
DA:52,0
DA:55,5
DA:57,1
DA:58,1
DA:59,1
DA:63,7
DA:64,5
DA:65,5
DA:70,5
DA:78,4
DA:79,4
DA:81,1
DA:82,1
DA:88,1
DA:92,7
DA:95,17
DA:96,2
DA:97,2
DA:99,2
DA:100,2
DA:101,2
DA:103,2
DA:106,2
DA:109,17
DA:110,14
DA:111,14
DA:114,14
DA:117,17
DA:118,7
DA:121,10
DA:147,1
DA:157,1
DA:171,12
LF:59
LH:55
BRDA:35,0,0,5
BRDA:35,0,1,0
BRDA:35,1,0,5
BRDA:35,1,1,5
BRDA:38,2,0,5
BRDA:38,2,1,0
BRDA:40,3,0,5
BRDA:40,3,1,0
BRDA:82,4,0,0
BRDA:82,4,1,1
BRDA:84,5,0,0
BRDA:84,5,1,0
BRDA:96,6,0,1
BRDA:96,6,1,1
BRDA:103,7,0,1
BRDA:103,7,1,1
BRDA:114,8,0,14
BRDA:114,8,1,12
BRDA:117,9,0,7
BRDA:117,9,1,10
BRDA:132,10,0,10
BRDA:132,10,1,2
BRDA:169,11,0,7
BRDA:169,11,1,3
BRDA:172,12,0,12
BRDA:172,12,1,12
BRDA:183,13,0,2
BRDA:183,13,1,1
BRF:28
BRH:22
end_of_record
TN:
SF:src\components\view-ratings.jsx
FN:9,(anonymous_0)
FN:17,(anonymous_1)
FN:18,(anonymous_2)
FN:40,(anonymous_3)
FN:54,(anonymous_4)
FN:70,(anonymous_5)
FN:74,(anonymous_6)
FN:80,(anonymous_7)
FN:98,(anonymous_8)
FN:113,(anonymous_9)
FN:127,(anonymous_10)
FN:153,(anonymous_11)
FNF:12
FNH:12
FNDA:11,(anonymous_0)
FNDA:5,(anonymous_1)
FNDA:5,(anonymous_2)
FNDA:5,(anonymous_3)
FNDA:5,(anonymous_4)
FNDA:24,(anonymous_5)
FNDA:24,(anonymous_6)
FNDA:12,(anonymous_7)
FNDA:6,(anonymous_8)
FNDA:2,(anonymous_9)
FNDA:12,(anonymous_10)
FNDA:12,(anonymous_11)
DA:9,1
DA:10,11
DA:11,11
DA:12,11
DA:13,11
DA:14,11
DA:15,11
DA:16,11
DA:17,11
DA:18,5
DA:19,5
DA:20,5
DA:21,5
DA:25,5
DA:26,5
DA:28,5
DA:29,5
DA:32,0
DA:33,0
DA:37,5
DA:40,11
DA:41,5
DA:42,5
DA:47,5
DA:48,5
DA:50,0
DA:54,11
DA:55,5
DA:56,5
DA:57,5
DA:58,8
DA:62,8
DA:64,5
DA:66,0
DA:70,11
DA:71,24
DA:73,24
DA:74,24
DA:77,24
DA:80,11
DA:81,12
DA:82,12
DA:83,12
DA:85,12
DA:86,60
DA:87,54
DA:88,6
DA:89,0
DA:91,6
DA:95,12
DA:98,11
DA:99,6
DA:100,6
DA:101,6
DA:104,11
DA:114,2
DA:128,12
DA:130,12
DA:154,12
LF:59
LH:54
BRDA:28,0,0,5
BRDA:28,0,1,0
BRDA:71,1,0,0
BRDA:71,1,1,24
BRDA:71,2,0,24
BRDA:71,2,1,24
BRDA:74,3,0,24
BRDA:74,3,1,0
BRDA:86,4,0,54
BRDA:86,4,1,6
BRDA:88,5,0,0
BRDA:88,5,1,6
BRDA:88,6,0,6
BRDA:88,6,1,6
BRDA:101,7,0,5
BRDA:101,7,1,1
BRDA:115,8,0,1
BRDA:115,8,1,1
BRDA:120,9,0,10
BRDA:120,9,1,1
BRDA:126,10,0,6
BRDA:126,10,1,5
BRDA:151,11,0,12
BRDA:151,11,1,0
BRDA:151,12,0,12
BRDA:151,12,1,12
BRF:26
BRH:21
end_of_record
