TN:
SF:src\components\Login.jsx
FN:5,(anonymous_0)
FN:10,(anonymous_1)
FN:39,(anonymous_2)
FN:79,(anonymous_3)
FN:89,(anonymous_4)
FNF:5
FNH:5
FNDA:114,(anonymous_0)
FNDA:3,(anonymous_1)
FNDA:1,(anonymous_2)
FNDA:65,(anonymous_3)
FNDA:42,(anonymous_4)
DA:5,1
DA:6,114
DA:7,114
DA:8,114
DA:10,114
DA:11,3
DA:13,3
DA:15,3
DA:16,3
DA:23,2
DA:25,2
DA:26,1
DA:27,1
DA:28,1
DA:29,1
DA:31,1
DA:34,1
DA:35,1
DA:39,114
DA:40,1
DA:43,114
DA:79,65
DA:89,42
LF:23
LH:23
BRDA:25,0,0,1
BRDA:25,0,1,1
BRDA:31,1,0,1
BRDA:31,1,1,0
BRF:4
BRH:3
end_of_record
